This is XeTeX, Version 3.14159265-2.6-0.99996 (MiKTeX 2.9.6210 64-bit) (preloaded format=xelatex 2017.6.25)  12 AUG 2019 16:30
entering extended mode
**./LossDataAnalytics.tex
(LossDataAnalytics.tex
LaTeX2e <2017/01/01> patch level 1
Babel <3.9r> and hyphenation patterns for 75 language(s) loaded.
("C:\Program Files\MiKTeX 2.9\tex\latex\base\book.cls"
Document Class: book 2014/09/29 v1.4h Standard LaTeX document class
("C:\Program Files\MiKTeX 2.9\tex\latex\base\bk10.clo"
File: bk10.clo 2014/09/29 v1.4h Standard LaTeX file (size option)
)
\c@part=\count79
\c@chapter=\count80
\c@section=\count81
\c@subsection=\count82
\c@subsubsection=\count83
\c@paragraph=\count84
\c@subparagraph=\count85
\c@figure=\count86
\c@table=\count87
\abovecaptionskip=\skip41
\belowcaptionskip=\skip42
\bibindent=\dimen102
) ("C:\Program Files\MiKTeX 2.9\tex\latex\lm\lmodern.sty"
Package: lmodern 2009/10/30 v1.6 Latin Modern Fonts
LaTeX Font Info:    Overwriting symbol font `operators' in version `normal'
(Font)                  OT1/cmr/m/n --> OT1/lmr/m/n on input line 22.
LaTeX Font Info:    Overwriting symbol font `letters' in version `normal'
(Font)                  OML/cmm/m/it --> OML/lmm/m/it on input line 23.
LaTeX Font Info:    Overwriting symbol font `symbols' in version `normal'
(Font)                  OMS/cmsy/m/n --> OMS/lmsy/m/n on input line 24.
LaTeX Font Info:    Overwriting symbol font `largesymbols' in version `normal'
(Font)                  OMX/cmex/m/n --> OMX/lmex/m/n on input line 25.
LaTeX Font Info:    Overwriting symbol font `operators' in version `bold'
(Font)                  OT1/cmr/bx/n --> OT1/lmr/bx/n on input line 26.
LaTeX Font Info:    Overwriting symbol font `letters' in version `bold'
(Font)                  OML/cmm/b/it --> OML/lmm/b/it on input line 27.
LaTeX Font Info:    Overwriting symbol font `symbols' in version `bold'
(Font)                  OMS/cmsy/b/n --> OMS/lmsy/b/n on input line 28.
LaTeX Font Info:    Overwriting symbol font `largesymbols' in version `bold'
(Font)                  OMX/cmex/m/n --> OMX/lmex/m/n on input line 29.
LaTeX Font Info:    Overwriting math alphabet `\mathbf' in version `normal'
(Font)                  OT1/cmr/bx/n --> OT1/lmr/bx/n on input line 31.
LaTeX Font Info:    Overwriting math alphabet `\mathsf' in version `normal'
(Font)                  OT1/cmss/m/n --> OT1/lmss/m/n on input line 32.
LaTeX Font Info:    Overwriting math alphabet `\mathit' in version `normal'
(Font)                  OT1/cmr/m/it --> OT1/lmr/m/it on input line 33.
LaTeX Font Info:    Overwriting math alphabet `\mathtt' in version `normal'
(Font)                  OT1/cmtt/m/n --> OT1/lmtt/m/n on input line 34.
LaTeX Font Info:    Overwriting math alphabet `\mathbf' in version `bold'
(Font)                  OT1/cmr/bx/n --> OT1/lmr/bx/n on input line 35.
LaTeX Font Info:    Overwriting math alphabet `\mathsf' in version `bold'
(Font)                  OT1/cmss/bx/n --> OT1/lmss/bx/n on input line 36.
LaTeX Font Info:    Overwriting math alphabet `\mathit' in version `bold'
(Font)                  OT1/cmr/bx/it --> OT1/lmr/bx/it on input line 37.
LaTeX Font Info:    Overwriting math alphabet `\mathtt' in version `bold'
(Font)                  OT1/cmtt/m/n --> OT1/lmtt/m/n on input line 38.
) ("C:\Program Files\MiKTeX 2.9\tex\latex\amsfonts\amssymb.sty"
Package: amssymb 2013/01/14 v3.01 AMS font symbols
("C:\Program Files\MiKTeX 2.9\tex\latex\amsfonts\amsfonts.sty"
Package: amsfonts 2013/01/14 v3.01 Basic AMSFonts support
\@emptytoks=\toks14
\symAMSa=\mathgroup4
\symAMSb=\mathgroup5
LaTeX Font Info:    Overwriting math alphabet `\mathfrak' in version `bold'
(Font)                  U/euf/m/n --> U/euf/b/n on input line 106.
)) ("C:\Program Files\MiKTeX 2.9\tex\latex\amsmath\amsmath.sty"
Package: amsmath 2016/11/05 v2.16a AMS math features
\@mathmargin=\skip43
For additional information on amsmath, use the `?' option.
("C:\Program Files\MiKTeX 2.9\tex\latex\amsmath\amstext.sty"
Package: amstext 2000/06/29 v2.01 AMS text
("C:\Program Files\MiKTeX 2.9\tex\latex\amsmath\amsgen.sty"
File: amsgen.sty 1999/11/30 v2.0 generic functions
\@emptytoks=\toks15
\ex@=\dimen103
)) ("C:\Program Files\MiKTeX 2.9\tex\latex\amsmath\amsbsy.sty"
Package: amsbsy 1999/11/29 v1.2d Bold Symbols
\pmbraise@=\dimen104
) ("C:\Program Files\MiKTeX 2.9\tex\latex\amsmath\amsopn.sty"
Package: amsopn 2016/03/08 v2.02 operator names
)
\inf@bad=\count88
LaTeX Info: Redefining \frac on input line 213.
\uproot@=\count89
\leftroot@=\count90
LaTeX Info: Redefining \overline on input line 375.
\classnum@=\count91
\DOTSCASE@=\count92
LaTeX Info: Redefining \ldots on input line 472.
LaTeX Info: Redefining \dots on input line 475.
LaTeX Info: Redefining \cdots on input line 596.
\Mathstrutbox@=\box26
\strutbox@=\box27
\big@size=\dimen105
LaTeX Font Info:    Redeclaring font encoding OML on input line 712.
LaTeX Font Info:    Redeclaring font encoding OMS on input line 713.
\macc@depth=\count93
\c@MaxMatrixCols=\count94
\dotsspace@=\muskip10
\c@parentequation=\count95
\dspbrk@lvl=\count96
\tag@help=\toks16
\row@=\count97
\column@=\count98
\maxfields@=\count99
\andhelp@=\toks17
\eqnshift@=\dimen106
\alignsep@=\dimen107
\tagshift@=\dimen108
\tagwidth@=\dimen109
\totwidth@=\dimen110
\lineht@=\dimen111
\@envbody=\toks18
\multlinegap=\skip44
\multlinetaggap=\skip45
\mathdisplay@stack=\toks19
LaTeX Info: Redefining \[ on input line 2817.
LaTeX Info: Redefining \] on input line 2818.
) ("C:\Program Files\MiKTeX 2.9\tex\generic\ifxetex\ifxetex.sty"
Package: ifxetex 2010/09/12 v0.6 Provides ifxetex conditional
) ("C:\Program Files\MiKTeX 2.9\tex\generic\oberdiek\ifluatex.sty"
Package: ifluatex 2016/05/16 v1.4 Provides the ifluatex switch (HO)
Package ifluatex Info: LuaTeX not detected.
) ("C:\Program Files\MiKTeX 2.9\tex\latex\base\fixltx2e.sty"
Package: fixltx2e 2016/12/29 v2.1a fixes to LaTeX (obsolete)
Applying: [2015/01/01] Old fixltx2e package on input line 46.

Package fixltx2e Warning: fixltx2e is not required with releases after 2015
(fixltx2e)                All fixes are now in the LaTeX kernel.
(fixltx2e)                See the latexrelease package for details.

Already applied: [0000/00/00] Old fixltx2e package on input line 53.
) ("C:\Program Files\MiKTeX 2.9\tex\xelatex\mathspec\mathspec.sty"
Package: mathspec 2016/12/22 v0.2b LaTeX Package (Mathematics font selection fo
r XeLaTeX)
("C:\Program Files\MiKTeX 2.9\tex\latex\etoolbox\etoolbox.sty"
Package: etoolbox 2017/01/02 v2.4 e-TeX tools for LaTeX (JAW)
\etb@tempcnta=\count100
) ("C:\Program Files\MiKTeX 2.9\tex\latex\fontspec\fontspec.sty" ("C:\Program F
iles\MiKTeX 2.9\tex\latex\l3kernel\expl3.sty"
Package: expl3 2017/05/29 L3 programming layer (loader) 
("C:\Program Files\MiKTeX 2.9\tex\latex\l3kernel\expl3-code.tex"
Package: expl3 2017/05/29 L3 programming layer (code)
\c_max_int=\count101
\l_tmpa_int=\count102
\l_tmpb_int=\count103
\g_tmpa_int=\count104
\g_tmpb_int=\count105
\g__intarray_font_int=\count106
\g__prg_map_int=\count107
\c_log_iow=\count108
\l_iow_line_count_int=\count109
\l__iow_line_target_int=\count110
\l__iow_one_indent_int=\count111
\l__iow_indent_int=\count112
\c_zero_dim=\dimen112
\c_max_dim=\dimen113
\l_tmpa_dim=\dimen114
\l_tmpb_dim=\dimen115
\g_tmpa_dim=\dimen116
\g_tmpb_dim=\dimen117
\c_zero_skip=\skip46
\c_max_skip=\skip47
\l_tmpa_skip=\skip48
\l_tmpb_skip=\skip49
\g_tmpa_skip=\skip50
\g_tmpb_skip=\skip51
\c_zero_muskip=\muskip11
\c_max_muskip=\muskip12
\l_tmpa_muskip=\muskip13
\l_tmpb_muskip=\muskip14
\g_tmpa_muskip=\muskip15
\g_tmpb_muskip=\muskip16
\l_keys_choice_int=\count113
\c__fp_leading_shift_int=\count114
\c__fp_middle_shift_int=\count115
\c__fp_trailing_shift_int=\count116
\c__fp_big_leading_shift_int=\count117
\c__fp_big_middle_shift_int=\count118
\c__fp_big_trailing_shift_int=\count119
\c__fp_Bigg_leading_shift_int=\count120
\c__fp_Bigg_middle_shift_int=\count121
\c__fp_Bigg_trailing_shift_int=\count122
\l__sort_length_int=\count123
\l__sort_min_int=\count124
\l__sort_top_int=\count125
\l__sort_max_int=\count126
\l__sort_true_max_int=\count127
\l__sort_block_int=\count128
\l__sort_begin_int=\count129
\l__sort_end_int=\count130
\l__sort_A_int=\count131
\l__sort_B_int=\count132
\l__sort_C_int=\count133
\l__tl_build_start_index_int=\count134
\l__tl_build_index_int=\count135
\l__tl_analysis_normal_int=\count136
\l__tl_analysis_index_int=\count137
\l__tl_analysis_nesting_int=\count138
\l__tl_analysis_type_int=\count139
\l__regex_internal_a_int=\count140
\l__regex_internal_b_int=\count141
\l__regex_internal_c_int=\count142
\l__regex_balance_int=\count143
\l__regex_group_level_int=\count144
\l__regex_mode_int=\count145
\c__regex_cs_in_class_mode_int=\count146
\c__regex_cs_mode_int=\count147
\l__regex_catcodes_int=\count148
\l__regex_default_catcodes_int=\count149
\c__regex_catcode_L_int=\count150
\c__regex_catcode_O_int=\count151
\c__regex_catcode_A_int=\count152
\c__regex_all_catcodes_int=\count153
\l__regex_show_lines_int=\count154
\l__regex_min_state_int=\count155
\l__regex_max_state_int=\count156
\l__regex_left_state_int=\count157
\l__regex_right_state_int=\count158
\l__regex_capturing_group_int=\count159
\l__regex_min_pos_int=\count160
\l__regex_max_pos_int=\count161
\l__regex_current_pos_int=\count162
\l__regex_start_pos_int=\count163
\l__regex_success_pos_int=\count164
\l__regex_current_char_int=\count165
\l__regex_current_catcode_int=\count166
\l__regex_last_char_int=\count167
\l__regex_case_changed_char_int=\count168
\l__regex_current_state_int=\count169
\l__regex_step_int=\count170
\l__regex_min_active_int=\count171
\l__regex_max_active_int=\count172
\l__regex_replacement_csnames_int=\count173
\l__regex_match_count_int=\count174
\l__regex_min_submatch_int=\count175
\l__regex_submatch_int=\count176
\l__regex_zeroth_submatch_int=\count177
\c_empty_box=\box28
\l_tmpa_box=\box29
\l_tmpb_box=\box30
\g_tmpa_box=\box31
\g_tmpb_box=\box32
\l__box_top_dim=\dimen118
\l__box_bottom_dim=\dimen119
\l__box_left_dim=\dimen120
\l__box_right_dim=\dimen121
\l__box_top_new_dim=\dimen122
\l__box_bottom_new_dim=\dimen123
\l__box_left_new_dim=\dimen124
\l__box_right_new_dim=\dimen125
\l__box_internal_box=\box33
\l__coffin_internal_box=\box34
\l__coffin_internal_dim=\dimen126
\l__coffin_offset_x_dim=\dimen127
\l__coffin_offset_y_dim=\dimen128
\l__coffin_x_dim=\dimen129
\l__coffin_y_dim=\dimen130
\l__coffin_x_prime_dim=\dimen131
\l__coffin_y_prime_dim=\dimen132
\c_empty_coffin=\box35
\l__coffin_aligned_coffin=\box36
\l__coffin_aligned_internal_coffin=\box37
\l_tmpa_coffin=\box38
\l_tmpb_coffin=\box39
\l__coffin_display_coffin=\box40
\l__coffin_display_coord_coffin=\box41
\l__coffin_display_pole_coffin=\box42
\l__coffin_display_offset_dim=\dimen133
\l__coffin_display_x_dim=\dimen134
\l__coffin_display_y_dim=\dimen135
\l__coffin_bounding_shift_dim=\dimen136
\l__coffin_left_corner_dim=\dimen137
\l__coffin_right_corner_dim=\dimen138
\l__coffin_bottom_corner_dim=\dimen139
\l__coffin_top_corner_dim=\dimen140
\l__coffin_scaled_total_height_dim=\dimen141
\l__coffin_scaled_width_dim=\dimen142
) ("C:\Program Files\MiKTeX 2.9\tex\latex\l3kernel\l3xdvipdfmx.def"
File: l3xdvidpfmx.def 2017/03/18 v L3 Experimental driver: xdvipdfmx
\g__driver_image_int=\count178
\l__driver_tmp_box=\box43
)) ("C:\Program Files\MiKTeX 2.9\tex\latex\l3packages\xparse\xparse.sty"
Package: xparse 2017/05/29 L3 Experimental document command parser
\l__xparse_current_arg_int=\count179
\g__xparse_grabber_int=\count180
\l__xparse_m_args_int=\count181
\l__xparse_mandatory_args_int=\count182
\l__xparse_v_nesting_int=\count183
)
Package: fontspec 2017/01/02 v2.5c Font selection for XeLaTeX and LuaLaTeX
("C:\Program Files\MiKTeX 2.9\tex\latex\fontspec\fontspec-xetex.sty"
Package: fontspec-xetex 2017/01/02 v2.5c Font selection for XeLaTeX and LuaLaTe
X
\l__fontspec_script_int=\count184
\l__fontspec_language_int=\count185
\l__fontspec_strnum_int=\count186
\l__fontspec_tmp_int=\count187
\l__fontspec_em_int=\count188
\l__fontspec_emdef_int=\count189
\l__fontspec_tmpa_dim=\dimen143
\l__fontspec_tmpb_dim=\dimen144
\l__fontspec_tmpc_dim=\dimen145
\g__file_internal_ior=\read1
("C:\Program Files\MiKTeX 2.9\tex\latex\base\fontenc.sty"
Package: fontenc 2017/01/24 v2.0c Standard LaTeX package
("C:\Program Files\MiKTeX 2.9\tex\latex\base\tuenc.def"
File: tuenc.def 2017/01/24 v2.0c Standard LaTeX file
LaTeX Font Info:    Redeclaring font encoding TU on input line 67.
))
.................................................
. LaTeX info: "xparse/define-command"
. 
. Defining command \fontspec with sig. 'O{}mO{}' on line 470.
.................................................
.................................................
. LaTeX info: "xparse/define-command"
. 
. Defining command \setmainfont with sig. 'O{}mO{}' on line 486.
.................................................
.................................................
. LaTeX info: "xparse/define-command"
. 
. Defining command \setsansfont with sig. 'O{}mO{}' on line 502.
.................................................
.................................................
. LaTeX info: "xparse/define-command"
. 
. Defining command \setmonofont with sig. 'O{}mO{}' on line 518.
.................................................
.................................................
. LaTeX info: "xparse/define-command"
. 
. Defining command \setmathrm with sig. 'O{}mO{}' on line 523.
.................................................
.................................................
. LaTeX info: "xparse/define-command"
. 
. Defining command \setboldmathrm with sig. 'O{}mO{}' on line 528.
.................................................
.................................................
. LaTeX info: "xparse/define-command"
. 
. Defining command \setmathsf with sig. 'O{}mO{}' on line 533.
.................................................
.................................................
. LaTeX info: "xparse/define-command"
. 
. Defining command \setmathtt with sig. 'O{}mO{}' on line 538.
.................................................
.................................................
. LaTeX info: "xparse/define-command"
. 
. Defining command \newfontfamily with sig. 'mO{}mO{}' on line 558.
.................................................
.................................................
. LaTeX info: "xparse/define-command"
. 
. Defining command \newfontface with sig. 'mO{}mO{}' on line 562.
.................................................
.................................................
. LaTeX info: "xparse/define-command"
. 
. Defining command \defaultfontfeatures with sig. 't+om' on line 569.
.................................................
.................................................
. LaTeX info: "xparse/define-command"
. 
. Defining command \addfontfeatures with sig. 'm' on line 618.
.................................................
.................................................
. LaTeX info: "xparse/define-command"
. 
. Defining command \newfontfeature with sig. 'mm' on line 629.
.................................................
.................................................
. LaTeX info: "xparse/define-command"
. 
. Defining command \newAATfeature with sig. 'mmmm' on line 637.
.................................................
.................................................
. LaTeX info: "xparse/define-command"
. 
. Defining command \newopentypefeature with sig. 'mmm' on line 645.
.................................................
.................................................
. LaTeX info: "xparse/define-command"
. 
. Defining command \aliasfontfeature with sig. 'mm' on line 666.
.................................................
.................................................
. LaTeX info: "xparse/define-command"
. 
. Defining command \aliasfontfeatureoption with sig. 'mmm' on line 683.
.................................................
.................................................
. LaTeX info: "xparse/define-command"
. 
. Defining command \newfontscript with sig. 'mm' on line 687.
.................................................
.................................................
. LaTeX info: "xparse/define-command"
. 
. Defining command \newfontlanguage with sig. 'mm' on line 691.
.................................................
.................................................
. LaTeX info: "xparse/define-command"
. 
. Defining command \DeclareFontsExtensions with sig. 'm' on line 696.
.................................................
.................................................
. LaTeX info: "xparse/define-command"
. 
. Defining command \IfFontFeatureActiveTF with sig. 'mmm' on line 702.
.................................................
.................................................
. LaTeX info: "xparse/define-command"
. 
. Defining command \EncodingCommand with sig. 'mO{}m' on line 3288.
.................................................
.................................................
. LaTeX info: "xparse/define-command"
. 
. Defining command \EncodingAccent with sig. 'mm' on line 3294.
.................................................
.................................................
. LaTeX info: "xparse/define-command"
. 
. Defining command \EncodingSymbol with sig. 'mm' on line 3300.
.................................................
.................................................
. LaTeX info: "xparse/define-command"
. 
. Defining command \EncodingComposite with sig. 'mmm' on line 3306.
.................................................
.................................................
. LaTeX info: "xparse/define-command"
. 
. Defining command \EncodingCompositeCommand with sig. 'mmm' on line 3312.
.................................................
.................................................
. LaTeX info: "xparse/define-command"
. 
. Defining command \DeclareUnicodeEncoding with sig. 'mm' on line 3337.
.................................................
.................................................
. LaTeX info: "xparse/define-command"
. 
. Defining command \UndeclareSymbol with sig. 'm' on line 3343.
.................................................
.................................................
. LaTeX info: "xparse/define-command"
. 
. Defining command \UndeclareComposite with sig. 'mm' on line 3351.
.................................................
("C:\Program Files\MiKTeX 2.9\tex\latex\fontspec\fontspec.cfg")
LaTeX Info: Redefining \itshape on input line 3531.
LaTeX Info: Redefining \slshape on input line 3536.
LaTeX Info: Redefining \scshape on input line 3541.
LaTeX Info: Redefining \upshape on input line 3546.
LaTeX Info: Redefining \em on input line 3566.
LaTeX Info: Redefining \emph on input line 3583.
LaTeX Info: Redefining \- on input line 3590.
.................................................
. LaTeX info: "xparse/redefine-command"
. 
. Redefining command \oldstylenums with sig. 'm' on line 3685.
.................................................
.................................................
. LaTeX info: "xparse/define-command"
. 
. Defining command \liningnums with sig. 'm' on line 3689.
.................................................
)) ("C:\Program Files\MiKTeX 2.9\tex\latex\xkeyval\xkeyval.sty"
Package: xkeyval 2014/12/03 v2.7a package option processing (HA)
("C:\Program Files\MiKTeX 2.9\tex\generic\xkeyval\xkeyval.tex" ("C:\Program Fil
es\MiKTeX 2.9\tex\generic\xkeyval\xkvutils.tex"
\XKV@toks=\toks20
\XKV@tempa@toks=\toks21
("C:\Program Files\MiKTeX 2.9\tex\generic\xkeyval\keyval.tex"))
\XKV@depth=\count190
File: xkeyval.tex 2014/12/03 v2.7a key=value parser (HA)
))
\c@eu@=\count191
\c@eu@i=\count192
\c@mkern=\count193
) ("C:\Program Files\MiKTeX 2.9\tex\latex\upquote\upquote.sty"
Package: upquote 2012/04/19 v1.3 upright-quote and grave-accent glyphs in verba
tim
("C:\Program Files\MiKTeX 2.9\tex\latex\base\textcomp.sty"
Package: textcomp 2017/01/24 v2.0c Standard LaTeX package
Package textcomp Info: Sub-encoding information:
(textcomp)               5 = only ISO-Adobe without \textcurrency
(textcomp)               4 = 5 + \texteuro
(textcomp)               3 = 4 + \textohm
(textcomp)               2 = 3 + \textestimated + \textcurrency
(textcomp)               1 = TS1 - \textcircled - \t
(textcomp)               0 = TS1 (full)
(textcomp)             Font families with sub-encoding setting implement
(textcomp)             only a restricted character set as indicated.
(textcomp)             Family '?' is the default used for unknown fonts.
(textcomp)             See the documentation for details.
Package textcomp Info: Setting ? sub-encoding to TS1/1 on input line 79.
("C:\Program Files\MiKTeX 2.9\tex\latex\base\ts1enc.def"
File: ts1enc.def 2001/06/05 v3.0e (jk/car/fm) Standard LaTeX file
)
LaTeX Info: Redefining \oldstylenums on input line 334.
Package textcomp Info: Setting cmr sub-encoding to TS1/0 on input line 349.
Package textcomp Info: Setting cmss sub-encoding to TS1/0 on input line 350.
Package textcomp Info: Setting cmtt sub-encoding to TS1/0 on input line 351.
Package textcomp Info: Setting cmvtt sub-encoding to TS1/0 on input line 352.
Package textcomp Info: Setting cmbr sub-encoding to TS1/0 on input line 353.
Package textcomp Info: Setting cmtl sub-encoding to TS1/0 on input line 354.
Package textcomp Info: Setting ccr sub-encoding to TS1/0 on input line 355.
Package textcomp Info: Setting ptm sub-encoding to TS1/4 on input line 356.
Package textcomp Info: Setting pcr sub-encoding to TS1/4 on input line 357.
Package textcomp Info: Setting phv sub-encoding to TS1/4 on input line 358.
Package textcomp Info: Setting ppl sub-encoding to TS1/3 on input line 359.
Package textcomp Info: Setting pag sub-encoding to TS1/4 on input line 360.
Package textcomp Info: Setting pbk sub-encoding to TS1/4 on input line 361.
Package textcomp Info: Setting pnc sub-encoding to TS1/4 on input line 362.
Package textcomp Info: Setting pzc sub-encoding to TS1/4 on input line 363.
Package textcomp Info: Setting bch sub-encoding to TS1/4 on input line 364.
Package textcomp Info: Setting put sub-encoding to TS1/5 on input line 365.
Package textcomp Info: Setting uag sub-encoding to TS1/5 on input line 366.
Package textcomp Info: Setting ugq sub-encoding to TS1/5 on input line 367.
Package textcomp Info: Setting ul8 sub-encoding to TS1/4 on input line 368.
Package textcomp Info: Setting ul9 sub-encoding to TS1/4 on input line 369.
Package textcomp Info: Setting augie sub-encoding to TS1/5 on input line 370.
Package textcomp Info: Setting dayrom sub-encoding to TS1/3 on input line 371.
Package textcomp Info: Setting dayroms sub-encoding to TS1/3 on input line 372.

Package textcomp Info: Setting pxr sub-encoding to TS1/0 on input line 373.
Package textcomp Info: Setting pxss sub-encoding to TS1/0 on input line 374.
Package textcomp Info: Setting pxtt sub-encoding to TS1/0 on input line 375.
Package textcomp Info: Setting txr sub-encoding to TS1/0 on input line 376.
Package textcomp Info: Setting txss sub-encoding to TS1/0 on input line 377.
Package textcomp Info: Setting txtt sub-encoding to TS1/0 on input line 378.
Package textcomp Info: Setting lmr sub-encoding to TS1/0 on input line 379.
Package textcomp Info: Setting lmdh sub-encoding to TS1/0 on input line 380.
Package textcomp Info: Setting lmss sub-encoding to TS1/0 on input line 381.
Package textcomp Info: Setting lmssq sub-encoding to TS1/0 on input line 382.
Package textcomp Info: Setting lmvtt sub-encoding to TS1/0 on input line 383.
Package textcomp Info: Setting lmtt sub-encoding to TS1/0 on input line 384.
Package textcomp Info: Setting qhv sub-encoding to TS1/0 on input line 385.
Package textcomp Info: Setting qag sub-encoding to TS1/0 on input line 386.
Package textcomp Info: Setting qbk sub-encoding to TS1/0 on input line 387.
Package textcomp Info: Setting qcr sub-encoding to TS1/0 on input line 388.
Package textcomp Info: Setting qcs sub-encoding to TS1/0 on input line 389.
Package textcomp Info: Setting qpl sub-encoding to TS1/0 on input line 390.
Package textcomp Info: Setting qtm sub-encoding to TS1/0 on input line 391.
Package textcomp Info: Setting qzc sub-encoding to TS1/0 on input line 392.
Package textcomp Info: Setting qhvc sub-encoding to TS1/0 on input line 393.
Package textcomp Info: Setting futs sub-encoding to TS1/4 on input line 394.
Package textcomp Info: Setting futx sub-encoding to TS1/4 on input line 395.
Package textcomp Info: Setting futj sub-encoding to TS1/4 on input line 396.
Package textcomp Info: Setting hlh sub-encoding to TS1/3 on input line 397.
Package textcomp Info: Setting hls sub-encoding to TS1/3 on input line 398.
Package textcomp Info: Setting hlst sub-encoding to TS1/3 on input line 399.
Package textcomp Info: Setting hlct sub-encoding to TS1/5 on input line 400.
Package textcomp Info: Setting hlx sub-encoding to TS1/5 on input line 401.
Package textcomp Info: Setting hlce sub-encoding to TS1/5 on input line 402.
Package textcomp Info: Setting hlcn sub-encoding to TS1/5 on input line 403.
Package textcomp Info: Setting hlcw sub-encoding to TS1/5 on input line 404.
Package textcomp Info: Setting hlcf sub-encoding to TS1/5 on input line 405.
Package textcomp Info: Setting pplx sub-encoding to TS1/3 on input line 406.
Package textcomp Info: Setting pplj sub-encoding to TS1/3 on input line 407.
Package textcomp Info: Setting ptmx sub-encoding to TS1/4 on input line 408.
Package textcomp Info: Setting ptmj sub-encoding to TS1/4 on input line 409.
)) ("C:\Program Files\MiKTeX 2.9\tex\latex\microtype\microtype.sty"
Package: microtype 2016/05/14 v2.6a Micro-typographical refinements (RS)
\MT@toks=\toks22
\MT@count=\count194
LaTeX Info: Redefining \textls on input line 774.
\MT@outer@kern=\dimen146
LaTeX Info: Redefining \textmicrotypecontext on input line 1310.
\MT@listname@count=\count195
("C:\Program Files\MiKTeX 2.9\tex\latex\microtype\microtype-xetex.def"
File: microtype-xetex.def 2016/05/14 v2.6a Definitions specific to xetex (RS)
LaTeX Info: Redefining \lsstyle on input line 255.
)
Package microtype Info: Loading configuration file microtype.cfg.
("C:\Program Files\MiKTeX 2.9\tex\latex\microtype\microtype.cfg"
File: microtype.cfg 2016/05/14 v2.6a microtype main configuration file (RS)
)) ("C:\Program Files\MiKTeX 2.9\tex\latex\hyperref\hyperref.sty"
Package: hyperref 2016/06/24 v6.83q Hypertext links for LaTeX
("C:\Program Files\MiKTeX 2.9\tex\generic\oberdiek\hobsub-hyperref.sty"
Package: hobsub-hyperref 2016/05/16 v1.14 Bundle oberdiek, subset hyperref (HO)

("C:\Program Files\MiKTeX 2.9\tex\generic\oberdiek\hobsub-generic.sty"
Package: hobsub-generic 2016/05/16 v1.14 Bundle oberdiek, subset generic (HO)
Package: hobsub 2016/05/16 v1.14 Construct package bundles (HO)
Package: infwarerr 2016/05/16 v1.4 Providing info/warning/error messages (HO)
Package: ltxcmds 2016/05/16 v1.23 LaTeX kernel commands for general use (HO)
Package hobsub Info: Skipping package `ifluatex' (already loaded).
Package: ifvtex 2016/05/16 v1.6 Detect VTeX and its facilities (HO)
Package ifvtex Info: VTeX not detected.
Package: intcalc 2016/05/16 v1.2 Expandable calculations with integers (HO)
Package: ifpdf 2016/05/14 v3.1 Provides the ifpdf switch
Package: etexcmds 2016/05/16 v1.6 Avoid name clashes with e-TeX commands (HO)
Package etexcmds Info: Could not find \expanded.
(etexcmds)             That can mean that you are not using pdfTeX 1.50 or
(etexcmds)             that some package has redefined \expanded.
(etexcmds)             In the latter case, load this package earlier.
Package: kvsetkeys 2016/05/16 v1.17 Key value parser (HO)
Package: kvdefinekeys 2016/05/16 v1.4 Define keys (HO)
Package: pdftexcmds 2016/05/21 v0.22 Utility functions of pdfTeX for LuaTeX (HO
)
Package pdftexcmds Info: LuaTeX not detected.
Package pdftexcmds Info: pdfTeX >= 1.30 not detected.
Package pdftexcmds Info: \pdf@primitive is available.
Package pdftexcmds Info: \pdf@ifprimitive is available.
Package pdftexcmds Info: \pdfdraftmode not found.
Package: pdfescape 2016/05/16 v1.14 Implements pdfTeX's escape features (HO)
Package: bigintcalc 2016/05/16 v1.4 Expandable calculations on big integers (HO
)
Package: bitset 2016/05/16 v1.2 Handle bit-vector datatype (HO)
Package: uniquecounter 2016/05/16 v1.3 Provide unlimited unique counter (HO)
)
Package hobsub Info: Skipping package `hobsub' (already loaded).
Package: letltxmacro 2016/05/16 v1.5 Let assignment for LaTeX macros (HO)
Package: hopatch 2016/05/16 v1.3 Wrapper for package hooks (HO)
Package: xcolor-patch 2016/05/16 xcolor patch
Package: atveryend 2016/05/16 v1.9 Hooks at the very end of document (HO)
Package: atbegshi 2016/06/09 v1.18 At begin shipout hook (HO)
Package: refcount 2016/05/16 v3.5 Data extraction from label references (HO)
Package: hycolor 2016/05/16 v1.8 Color options for hyperref/bookmark (HO)
) ("C:\Program Files\MiKTeX 2.9\tex\latex\oberdiek\auxhook.sty"
Package: auxhook 2016/05/16 v1.4 Hooks for auxiliary files (HO)
) ("C:\Program Files\MiKTeX 2.9\tex\latex\oberdiek\kvoptions.sty"
Package: kvoptions 2016/05/16 v3.12 Key value format for package options (HO)
)
\@linkdim=\dimen147
\Hy@linkcounter=\count196
\Hy@pagecounter=\count197
("C:\Program Files\MiKTeX 2.9\tex\latex\hyperref\pd1enc.def"
File: pd1enc.def 2016/06/24 v6.83q Hyperref: PDFDocEncoding definition (HO)
)
\Hy@SavedSpaceFactor=\count198
("C:\Program Files\MiKTeX 2.9\tex\latex\00miktex\hyperref.cfg"
File: hyperref.cfg 2002/06/06 v1.2 hyperref configuration of TeXLive
)
Package hyperref Info: Hyper figures OFF on input line 4486.
Package hyperref Info: Link nesting OFF on input line 4491.
Package hyperref Info: Hyper index ON on input line 4494.
Package hyperref Info: Plain pages OFF on input line 4501.
Package hyperref Info: Backreferencing OFF on input line 4506.
Package hyperref Info: Implicit mode ON; LaTeX internals redefined.
Package hyperref Info: Bookmarks ON on input line 4735.
\c@Hy@tempcnt=\count199
("C:\Program Files\MiKTeX 2.9\tex\latex\url\url.sty"
\Urlmuskip=\muskip17
Package: url 2013/09/16  ver 3.4  Verb mode for urls, etc.
)
LaTeX Info: Redefining \url on input line 5088.
\XeTeXLinkMargin=\dimen148
\Fld@menulength=\count266
\Field@Width=\dimen149
\Fld@charsize=\dimen150
Package hyperref Info: Hyper figures OFF on input line 6342.
Package hyperref Info: Link nesting OFF on input line 6347.
Package hyperref Info: Hyper index ON on input line 6350.
Package hyperref Info: backreferencing OFF on input line 6357.
Package hyperref Info: Link coloring OFF on input line 6362.
Package hyperref Info: Link coloring with OCG OFF on input line 6367.
Package hyperref Info: PDF/A mode OFF on input line 6372.
LaTeX Info: Redefining \ref on input line 6412.
LaTeX Info: Redefining \pageref on input line 6416.
\Hy@abspage=\count267
\c@Item=\count268
\c@Hfootnote=\count269
)

Package hyperref Message: Driver (autodetected): hxetex.

("C:\Program Files\MiKTeX 2.9\tex\latex\hyperref\hxetex.def"
File: hxetex.def 2016/06/24 v6.83q Hyperref driver for XeTeX
("C:\Program Files\MiKTeX 2.9\tex\latex\hyperref\puenc.def"
File: puenc.def 2016/06/24 v6.83q Hyperref: PDF Unicode definition (HO)
) ("C:\Program Files\MiKTeX 2.9\tex\generic\oberdiek\stringenc.sty"
Package: stringenc 2016/05/16 v1.11 Convert strings between diff. encodings (HO
)
)
\pdfm@box=\box44
\c@Hy@AnnotLevel=\count270
\HyField@AnnotCount=\count271
\Fld@listcount=\count272
\c@bookmark@seq@number=\count273
("C:\Program Files\MiKTeX 2.9\tex\latex\oberdiek\rerunfilecheck.sty"
Package: rerunfilecheck 2016/05/16 v1.8 Rerun checks for auxiliary files (HO)
Package rerunfilecheck Info: Feature \pdfmdfivesum is not available
(rerunfilecheck)             (e.g. pdfTeX or LuaTeX with package `pdftexcmds').

(rerunfilecheck)             Therefore file contents cannot be checked efficien
tly
(rerunfilecheck)             and the loading of the package is aborted.
)
\Hy@SectionHShift=\skip52
)
Package hyperref Info: Option `unicode' set `true' on input line 29.
("C:\Program Files\MiKTeX 2.9\tex\generic\oberdiek\se-ascii-print.def"
File: se-ascii-print.def 2016/05/16 v1.11 stringenc: Printable ASCII characters

)
Package hyperref Info: Option `breaklinks' set `true' on input line 29.
("C:\Program Files\MiKTeX 2.9\tex\latex\natbib\natbib.sty"
Package: natbib 2010/09/13 8.31b (PWD, AO)
\bibhang=\skip53
\bibsep=\skip54
LaTeX Info: Redefining \cite on input line 694.
\c@NAT@ctr=\count274
) ("C:\Program Files\MiKTeX 2.9\tex\latex\graphics\color.sty"
Package: color 2016/07/10 v1.1e Standard LaTeX Color (DPC)
("C:\Program Files\MiKTeX 2.9\tex\latex\graphics-cfg\color.cfg"
File: color.cfg 2016/01/02 v1.6 sample color configuration
)
Package color Info: Driver file: xetex.def on input line 147.
("C:\Program Files\MiKTeX 2.9\tex\latex\graphics-def\xetex.def"
File: xetex.def 2016/07/11 v4.10 LaTeX color/graphics driver for XeTeX (L3/RRM/
JK)
)) ("C:\Program Files\MiKTeX 2.9\tex\latex\fancyvrb\fancyvrb.sty"
Package: fancyvrb 2008/02/07

Style option: `fancyvrb' v2.7a, with DG/SPQR fixes, and firstline=lastline fix 
<2008/02/07> (tvz)
\FV@CodeLineNo=\count275
\FV@InFile=\read2
\FV@TabBox=\box45
\c@FancyVerbLine=\count276
\FV@StepNumber=\count277
\FV@OutFile=\write3
) ("C:\Program Files\MiKTeX 2.9\tex\latex\framed\framed.sty"
Package: framed 2011/10/22 v 0.96: framed or shaded text with page breaks
\OuterFrameSep=\skip55
\fb@frw=\dimen151
\fb@frh=\dimen152
\FrameRule=\dimen153
\FrameSep=\dimen154
) ("C:\Program Files\MiKTeX 2.9\tex\latex\tools\longtable.sty"
Package: longtable 2014/10/28 v4.11 Multi-page Table package (DPC)
\LTleft=\skip56
\LTright=\skip57
\LTpre=\skip58
\LTpost=\skip59
\LTchunksize=\count278
\LTcapwidth=\dimen155
\LT@head=\box46
\LT@firsthead=\box47
\LT@foot=\box48
\LT@lastfoot=\box49
\LT@cols=\count279
\LT@rows=\count280
\c@LT@tables=\count281
\c@LT@chunks=\count282
\LT@p@ftn=\toks23
) ("C:\Program Files\MiKTeX 2.9\tex\latex\booktabs\booktabs.sty"
Package: booktabs 2005/04/14 v1.61803 publication quality tables
\heavyrulewidth=\dimen156
\lightrulewidth=\dimen157
\cmidrulewidth=\dimen158
\belowrulesep=\dimen159
\belowbottomsep=\dimen160
\aboverulesep=\dimen161
\abovetopsep=\dimen162
\cmidrulesep=\dimen163
\cmidrulekern=\dimen164
\defaultaddspace=\dimen165
\@cmidla=\count283
\@cmidlb=\count284
\@aboverulesep=\dimen166
\@belowrulesep=\dimen167
\@thisruleclass=\count285
\@lastruleclass=\count286
\@thisrulewidth=\dimen168
) ("C:\Program Files\MiKTeX 2.9\tex\latex\graphics\graphicx.sty"
Package: graphicx 2014/10/28 v1.0g Enhanced LaTeX Graphics (DPC,SPQR)
("C:\Program Files\MiKTeX 2.9\tex\latex\graphics\graphics.sty"
Package: graphics 2016/10/09 v1.0u Standard LaTeX Graphics (DPC,SPQR)
("C:\Program Files\MiKTeX 2.9\tex\latex\graphics\trig.sty"
Package: trig 2016/01/03 v1.10 sin cos tan (DPC)
) ("C:\Program Files\MiKTeX 2.9\tex\latex\graphics-cfg\graphics.cfg"
File: graphics.cfg 2016/06/04 v1.11 sample graphics configuration
)
Package graphics Info: Driver file: xetex.def on input line 99.
)
\Gin@req@height=\dimen169
\Gin@req@width=\dimen170
) ("C:\Program Files\MiKTeX 2.9\tex\latex\oberdiek\grffile.sty"
Package: grffile 2016/05/16 v1.17 Extended file name support for graphics (HO)
Package grffile Info: \Gread@QTm patched on input line 253.
Package grffile Info: \Gread@eps patched on input line 303.
Package grffile Info: Option `multidot' is set to `true'.
Package grffile Info: Option `extendedchars' is set to `false'.
Package grffile Info: Option `space' is set to `true'.
Package grffile Info: \Gin@ii of package `graphicx' fixed on input line 486.
) ("C:\Program Files\MiKTeX 2.9\tex\latex\ltxmisc\parskip.sty"
Package: parskip 2001/04/09 non-zero parskip adjustments
) ("C:\Program Files\MiKTeX 2.9\tex\latex\titling\titling.sty"
Package: titling 2009/09/04 v2.1d maketitle typesetting
\thanksmarkwidth=\skip60
\thanksmargin=\skip61
\droptitle=\skip62
) ("C:\Program Files\MiKTeX 2.9\tex\latex\amscls\amsthm.sty"
Package: amsthm 2015/03/04 v2.20.2
\thm@style=\toks24
\thm@bodyfont=\toks25
\thm@headfont=\toks26
\thm@notefont=\toks27
\thm@headpunct=\toks28
\thm@preskip=\skip63
\thm@postskip=\skip64
\thm@headsep=\skip65
\dth@everypar=\toks29
)
\c@theorem=\count287
\c@lemma=\count288
\c@corollary=\count289
\c@proposition=\count290
\c@conjecture=\count291
\c@definition=\count292
\c@example=\count293
\c@exercise=\count294
No file LossDataAnalytics.aux.
\openout1 = `LossDataAnalytics.aux'.

LaTeX Font Info:    Checking defaults for OML/cmm/m/it on input line 147.
LaTeX Font Info:    ... okay on input line 147.
LaTeX Font Info:    Checking defaults for T1/cmr/m/n on input line 147.
LaTeX Font Info:    ... okay on input line 147.
LaTeX Font Info:    Checking defaults for OT1/cmr/m/n on input line 147.
LaTeX Font Info:    ... okay on input line 147.
LaTeX Font Info:    Checking defaults for OMS/cmsy/m/n on input line 147.
LaTeX Font Info:    ... okay on input line 147.
LaTeX Font Info:    Checking defaults for TU/lmr/m/n on input line 147.
LaTeX Font Info:    ... okay on input line 147.
LaTeX Font Info:    Checking defaults for OMX/cmex/m/n on input line 147.
LaTeX Font Info:    ... okay on input line 147.
LaTeX Font Info:    Checking defaults for U/cmr/m/n on input line 147.
LaTeX Font Info:    ... okay on input line 147.
LaTeX Font Info:    Checking defaults for TS1/cmr/m/n on input line 147.
LaTeX Font Info:    Try loading font information for TS1+cmr on input line 147.

("C:\Program Files\MiKTeX 2.9\tex\latex\base\ts1cmr.fd"
File: ts1cmr.fd 2014/09/29 v2.5h Standard LaTeX font definitions
)
LaTeX Font Info:    ... okay on input line 147.
LaTeX Font Info:    Checking defaults for PD1/pdf/m/n on input line 147.
LaTeX Font Info:    ... okay on input line 147.
LaTeX Font Info:    Checking defaults for PU/pdf/m/n on input line 147.
LaTeX Font Info:    ... okay on input line 147.
LaTeX Info: Redefining \microtypecontext on input line 147.
Package microtype Info: Character protrusion enabled (level 2).
Package microtype Info: Using protrusion set `basicmath'.
Package microtype Info: No adjustment of tracking.
Package microtype Info: No adjustment of spacing.
Package microtype Info: No adjustment of kerning.
("C:\Program Files\MiKTeX 2.9\tex\latex\microtype\mt-LatinModernRoman.cfg"
File: mt-LatinModernRoman.cfg 2013/03/13 v1.0 microtype config. file: Latin Mod
ern Roman (RS)
)
\AtBeginShipoutBox=\box50
Package hyperref Info: Link coloring OFF on input line 147.
("C:\Program Files\MiKTeX 2.9\tex\latex\hyperref\nameref.sty"
Package: nameref 2016/05/21 v2.44 Cross-referencing by name of section
("C:\Program Files\MiKTeX 2.9\tex\generic\oberdiek\gettitlestring.sty"
Package: gettitlestring 2016/05/16 v1.5 Cleanup title references (HO)
)
\c@section@level=\count295
)
LaTeX Info: Redefining \ref on input line 147.
LaTeX Info: Redefining \pageref on input line 147.
LaTeX Info: Redefining \nameref on input line 147.
\@outlinefile=\write4
\openout4 = `LossDataAnalytics.out'.


Package hyperref Warning: Rerun to get /PageLabels entry.

[1


] [2

]
\tf@toc=\write5
\openout5 = `LossDataAnalytics.toc'.

[3] [4

] [5] [6]
File: Figures/IABA.png Graphic file (type QTm)
<use  "Figures/IABA.png" > [7] [8] [9] [10]
LaTeX Font Info:    Try loading font information for OT1+lmr on input line 589.

("C:\Program Files\MiKTeX 2.9\tex\latex\lm\ot1lmr.fd"
File: ot1lmr.fd 2009/10/30 v1.6 Font defs for Latin Modern
)
Package microtype Info: Loading generic settings for font family
(microtype)             `lmr' (encoding: OT1).
(microtype)             For optimal results, create family-specific settings.
(microtype)             See the microtype manual for details.
LaTeX Font Info:    Try loading font information for OML+lmm on input line 589.

("C:\Program Files\MiKTeX 2.9\tex\latex\lm\omllmm.fd"
File: omllmm.fd 2009/10/30 v1.6 Font defs for Latin Modern
)
LaTeX Font Info:    Try loading font information for OMS+lmsy on input line 589
.
("C:\Program Files\MiKTeX 2.9\tex\latex\lm\omslmsy.fd"
File: omslmsy.fd 2009/10/30 v1.6 Font defs for Latin Modern
)
LaTeX Font Info:    Try loading font information for OMX+lmex on input line 589
.
("C:\Program Files\MiKTeX 2.9\tex\latex\lm\omxlmex.fd"
File: omxlmex.fd 2009/10/30 v1.6 Font defs for Latin Modern
)
LaTeX Font Info:    External font `lmex10' loaded for size
(Font)              <10> on input line 589.
LaTeX Font Info:    External font `lmex10' loaded for size
(Font)              <7> on input line 589.
LaTeX Font Info:    External font `lmex10' loaded for size
(Font)              <5> on input line 589.
LaTeX Font Info:    Try loading font information for U+msa on input line 589.
("C:\Program Files\MiKTeX 2.9\tex\latex\amsfonts\umsa.fd"
File: umsa.fd 2013/01/14 v3.01 AMS symbols A
) ("C:\Program Files\MiKTeX 2.9\tex\latex\microtype\mt-msa.cfg"
File: mt-msa.cfg 2006/02/04 v1.1 microtype config. file: AMS symbols (a) (RS)
)
LaTeX Font Info:    Try loading font information for U+msb on input line 589.
("C:\Program Files\MiKTeX 2.9\tex\latex\amsfonts\umsb.fd"
File: umsb.fd 2013/01/14 v3.01 AMS symbols B
) ("C:\Program Files\MiKTeX 2.9\tex\latex\microtype\mt-msb.cfg"
File: mt-msb.cfg 2005/06/01 v1.0 microtype config. file: AMS symbols (b) (RS)
)
Overfull \hbox (1.5pt too wide) in paragraph at lines 611--611
[]\TU/lmtt/m/n/10 Insample <- read.csv("Insample.csv", header=T,  na.strings=c(
"."),[] 
 []

[11] [12]
Chapter 1.

LaTeX Warning: Reference `S:Intro' on page 13 undefined on input line 631.


LaTeX Warning: Reference `S:PredModApps' on page 13 undefined on input line 633
.


LaTeX Warning: Reference `S:LGPIF' on page 13 undefined on input line 635.


Underfull \vbox (badness 3158) has occurred while \output is active []

[13

]

Package natbib Warning: Citation `III2016' on page 14 undefined on input line 7
10.

[14]

Package natbib Warning: Citation `III2016' on page 15 undefined on input line 7
23.

[15] [16]

LaTeX Warning: Reference `fig:StochOperations' on page 17 undefined on input li
ne 832.


LaTeX Warning: Reference `S:PredModApps' on page 17 undefined on input line 835
.

File: LossDataAnalytics_files/figure-latex/StochOperations-1.pdf Graphic file (
type QTm)
<use  "LossDataAnalytics_files/figure-latex/StochOperations-1.pdf" > [17] [18] 
[19]

Package natbib Warning: Citation `survey2013' on page 20 undefined on input lin
e 997.


Package natbib Warning: Citation `bailey1960' on page 20 undefined on input lin
e 1007.

[20] [21]

Package natbib Warning: Citation `SASsurvey' on page 22 undefined on input line
 1093.


LaTeX Warning: Reference `S:Reserving' on page 22 undefined on input line 1127.


[22]

LaTeX Warning: Reference `C:Severity' on page 23 undefined on input line 1157.


LaTeX Warning: Reference `C:PortMgt' on page 23 undefined on input line 1157.


Underfull \vbox (badness 2698) has occurred while \output is active []

[23]

LaTeX Warning: Reference `fig:StochOperations' on page 24 undefined on input li
ne 1191.


Package natbib Warning: Citation `bowers1986actuarial' on page 24 undefined on 
input line 1230.


Package natbib Warning: Citation `dickson2013actuarial' on page 24 undefined on
 input line 1230.

[24] [25]

LaTeX Warning: Reference `tab:Frequency2010' on page 26 undefined on input line
 1316.


Overfull \hbox (104.79018pt too wide) in alignment at lines 1333--1343
 [] [] [] [] [] [] [] [] [] [] [] [] 
 []


Package longtable Warning: Column widths have changed
(longtable)                in table 1.1 on input line 1343.

LaTeX Font Info:    Font shape `TU/lmtt/bx/n' in size <10> not available
(Font)              Font shape `TU/lmtt/b/n' tried instead on input line 1350.
[26]

LaTeX Warning: Reference `tab:Severity2010' on page 27 undefined on input line 
1370.


LaTeX Warning: Reference `fig:SeverityFig' on page 27 undefined on input line 1
376.


Overfull \hbox (0.83168pt too wide) in paragraph at lines 1389--1391
 []|\TU/lmr/m/n/10 Minimum|
 []


Overfull \hbox (0.83168pt too wide) in paragraph at lines 1405--1407
 []|\TU/lmr/m/n/10 Minimum|
 []

File: LossDataAnalytics_files/figure-latex/SeverityFig-1.pdf Graphic file (type
 QTm)
<use  "LossDataAnalytics_files/figure-latex/SeverityFig-1.pdf" > [27]

LaTeX Warning: Reference `tab:CoverageBCIM' on page 28 undefined on input line 
1484.


Overfull \hbox (2.80873pt too wide) in paragraph at lines 1506--1508
 \TU/lmr/m/n/10 Policyholders|
 []


Overfull \hbox (2.80873pt too wide) in paragraph at lines 1520--1522
 \TU/lmr/m/n/10 Policyholders|
 []

[28]

LaTeX Warning: Reference `tab:CoverageBCIM' on page 29 undefined on input line 
1602.

LaTeX Font Info:    External font `lmex10' loaded for size
(Font)              <8> on input line 1609.
LaTeX Font Info:    External font `lmex10' loaded for size
(Font)              <6> on input line 1609.

LaTeX Warning: Reference `tab:CoverageBCIM' on page 29 undefined on input line 
1609.


LaTeX Warning: Reference `tab:Severity2010' on page 29 undefined on input line 
1609.


LaTeX Warning: Reference `tab:DeductCov' on page 29 undefined on input line 161
8.


Overfull \hbox (0.83168pt too wide) in paragraph at lines 1632--1634
 []|\TU/lmr/m/n/10 Minimum|
 []


Overfull \hbox (0.83168pt too wide) in paragraph at lines 1646--1648
 []|\TU/lmr/m/n/10 Minimum|
 []

[29]
LaTeX Font Info:    Try loading font information for TS1+lmtt on input line 172
5.
("C:\Program Files\MiKTeX 2.9\tex\latex\lm\ts1lmtt.fd"
File: ts1lmtt.fd 2009/10/30 v1.6 Font defs for Latin Modern
)

Package natbib Warning: Citation `frees2016multivariate' on page 30 undefined o
n input line 1734.


LaTeX Font Warning: Command \small invalid in math mode on input line 1737.

LaTeX Font Info:    External font `lmex10' loaded for size
(Font)              <9> on input line 1738.

Overfull \hbox (19.08807pt too wide) detected at line 1753
[]
 []


Underfull \vbox (badness 10000) has occurred while \output is active []

[30]

LaTeX Warning: Reference `tab:ClaimRateVar' on page 31 undefined on input line 
1756.


LaTeX Warning: Reference `tab:ClaimRateVar' on page 31 undefined on input line 
1757.

LaTeX Font Info:    Try loading font information for OT1+lmtt on input line 176
0.
("C:\Program Files\MiKTeX 2.9\tex\latex\lm\ot1lmtt.fd"
File: ot1lmtt.fd 2009/10/30 v1.6 Font defs for Latin Modern
)
Underfull \vbox (badness 10000) has occurred while \output is active []

[31]

LaTeX Warning: Reference `tab:RateAlarmCredit' on page 32 undefined on input li
ne 1973.


LaTeX Warning: Reference `tab:ClaimRateVar' on page 32 undefined on input line 
1984.


Underfull \vbox (badness 10000) has occurred while \output is active []

[32]
Overfull \hbox (3.22168pt too wide) in paragraph at lines 1993--1995
 \TU/lmr/m/n/10 Frequency|
 []


Overfull \hbox (3.22168pt too wide) in paragraph at lines 1999--2001
 \TU/lmr/m/n/10 Frequency|
 []


Overfull \hbox (3.22168pt too wide) in paragraph at lines 2011--2013
 \TU/lmr/m/n/10 Frequency|
 []


Overfull \hbox (3.22168pt too wide) in paragraph at lines 2017--2019
 \TU/lmr/m/n/10 Frequency|
 []


Overfull \hbox (3.22168pt too wide) in paragraph at lines 2140--2142
 \TU/lmr/m/n/10 Frequency|
 []


Overfull \hbox (3.22168pt too wide) in paragraph at lines 2146--2148
 \TU/lmr/m/n/10 Frequency|
 []


Overfull \hbox (3.22168pt too wide) in paragraph at lines 2158--2160
 \TU/lmr/m/n/10 Frequency|
 []


Overfull \hbox (3.22168pt too wide) in paragraph at lines 2164--2166
 \TU/lmr/m/n/10 Frequency|
 []

[33]

LaTeX Warning: Reference `S:PredModApps' on page 34 undefined on input line 234
2.

[34]

LaTeX Warning: Reference `tab:ClaimRateVar' on page 35 undefined on input line 
2365.


LaTeX Warning: Reference `tab:RateAlarmCredit' on page 35 undefined on input li
ne 2368.


LaTeX Warning: Reference `C:PremiumFoundations' on page 35 undefined on input l
ine 2375.


LaTeX Warning: Reference `C:RiskClass' on page 35 undefined on input line 2377.



LaTeX Warning: Reference `tab:CoverageBCIM' on page 35 undefined on input line 
2383.


LaTeX Warning: Reference `tab:ClaimRateVar' on page 35 undefined on input line 
2387.


LaTeX Warning: Reference `C:Credibility' on page 35 undefined on input line 239
3.


LaTeX Warning: Reference `C:PortMgt' on page 35 undefined on input line 2406.

[35]

LaTeX Warning: Reference `C:LossReserves' on page 36 undefined on input line 24
16.


Package natbib Warning: Citation `NAICGlossary' on page 36 undefined on input l
ine 2450.

[36]
Chapter 2.

LaTeX Warning: Reference `S:frequency-distributions' on page 37 undefined on in
put line 2463.


LaTeX Warning: Reference `S:basic-frequency-distributions' on page 37 undefined
 on input line 2466.


LaTeX Warning: Reference `S:the-a-b-0-class' on page 37 undefined on input line
 2471.


LaTeX Warning: Reference `S:estimating-frequency-distributions' on page 37 unde
fined on input line 2473.


LaTeX Warning: Reference `S:other-frequency-distributions' on page 37 undefined
 on input line 2478.


LaTeX Warning: Reference `S:mixture-distributions' on page 37 undefined on inpu
t line 2484.


LaTeX Warning: Reference `S:goodness-of-fit' on page 37 undefined on input line
 2486.


LaTeX Warning: Reference `S:exercises' on page 37 undefined on input line 2488.



LaTeX Warning: Reference `S:rcode' on page 37 undefined on input line 2489.


LaTeX Warning: Reference `S:estimating-frequency-distributions' on page 37 unde
fined on input line 2490.

[37

]

LaTeX Warning: Reference `C:Intro' on page 38 undefined on input line 2537.

[38] [39] [40]
Underfull \hbox (badness 10000) in paragraph at lines 2714--2721

 []

[41]

Package natbib Warning: Citation `billingsley' on page 42 undefined on input li
ne 2762.

[42]

LaTeX Warning: Reference `thm:freq-thm1' on page 43 undefined on input line 280
4.


LaTeX Warning: Reference `thm:freq-thm1' on page 43 undefined on input line 280
5.

[43] [44]
Overfull \hbox (69.3109pt too wide) detected at line 2919
\OML/lmm/m/it/10 P[]\OT1/lmr/m/n/10 (\OML/lmm/m/it/10 z\OT1/lmr/m/n/10 ) := [] 
\OML/lmm/m/it/10 z[][]q[]\OT1/lmr/m/n/10 (1 \OMS/lmsy/m/n/10 ^^@ \OML/lmm/m/it/
10 q\OT1/lmr/m/n/10 )[] = [] [](\OML/lmm/m/it/10 zq\OT1/lmr/m/n/10 )[](1 \OMS/l
msy/m/n/10 ^^@ \OML/lmm/m/it/10 q\OT1/lmr/m/n/10 )[] = (\OML/lmm/m/it/10 qz \OT
1/lmr/m/n/10 + (1 \OMS/lmsy/m/n/10 ^^@ \OML/lmm/m/it/10 q\OT1/lmr/m/n/10 ))[] =
 (1 + \OML/lmm/m/it/10 q\OT1/lmr/m/n/10 (\OML/lmm/m/it/10 z \OMS/lmsy/m/n/10 ^^
@ \OT1/lmr/m/n/10 1))[]\OML/lmm/m/it/10 :
 []


Underfull \hbox (badness 10000) in paragraph at lines 2941--2943

 []

[45]

LaTeX Warning: Reference `thm:pgfthm' on page 46 undefined on input line 2985.

[46] [47]

LaTeX Warning: Reference `thm:freq-thm1' on page 48 undefined on input line 303
1.


Overfull \hbox (62.07266pt too wide) in alignment at lines 3033--3038
 [][][] []
 []


Package natbib Warning: Citation `billingsley' on page 48 undefined on input li
ne 3057.

[48] [49]

LaTeX Warning: Reference `eq:ab0' on page 50 undefined on input line 3144.


LaTeX Warning: Reference `eq:ab0' on page 50 undefined on input line 3149.


Underfull \vbox (badness 1082) has occurred while \output is active []

[50]

LaTeX Warning: Reference `S:basic-frequency-distributions' on page 51 undefined
 on input line 3217.

[51]

LaTeX Warning: Reference `fig:berlik' on page 52 undefined on input line 3262.

[52]
File: Figures/figure2.1.png Graphic file (type QTm)
<use  "Figures/figure2.1.png" > [53]
Underfull \hbox (badness 10000) in paragraph at lines 3345--3351

 []

[54]

LaTeX Warning: Reference `eq:binmle' on page 55 undefined on input line 3390.

[55]

Package natbib Warning: Citation `olkin1981' on page 56 undefined on input line
 3413.


LaTeX Warning: Reference `eq:binlikm' on page 56 undefined on input line 3416.


LaTeX Warning: Reference `fig:MLEm' on page 56 undefined on input line 3416.


LaTeX Warning: Reference `fig:MLEm' on page 56 undefined on input line 3424.


LaTeX Warning: Reference `fig:MLEm' on page 56 undefined on input line 3434.


LaTeX Warning: Reference `eq:Poilik' on page 56 undefined on input line 3451.

[56]
File: Figures/figure2.2.png Graphic file (type QTm)
<use  "Figures/figure2.2.png" > [57]

Package natbib Warning: Citation `levin1977' on page 58 undefined on input line
 3492.


Overfull \hbox (19.33261pt too wide) detected at line 3503
\OML/lmm/m/it/10 l\OT1/lmr/m/n/10 (\OML/lmm/m/it/10 r; []=r\OT1/lmr/m/n/10 ) = 
[] [] [](\OML/lmm/m/it/10 r \OMS/lmsy/m/n/10 ^^@ \OT1/lmr/m/n/10 1 + \OML/lmm/m
/it/10 j\OT1/lmr/m/n/10 ) \OMS/lmsy/m/n/10 ^^@ [] []\OT1/lmr/m/n/10 (\OML/lmm/m
/it/10 x[]\OT1/lmr/m/n/10 !) \OMS/lmsy/m/n/10 ^^@ \OML/lmm/m/it/10 n\OT1/lmr/m/
n/10 (\OML/lmm/m/it/10 r \OT1/lmr/m/n/10 + []) [](\OML/lmm/m/it/10 r \OT1/lmr/m
/n/10 + []) + \OML/lmm/m/it/10 nr []\OT1/lmr/m/n/10 (\OML/lmm/m/it/10 r\OT1/lmr
/m/n/10 ) + \OML/lmm/m/it/10 n[] []\OT1/lmr/m/n/10 ([])\OML/lmm/m/it/10 ;
 []

[58]

LaTeX Warning: Reference `fig:MLEab0' on page 59 undefined on input line 3570.


LaTeX Warning: Reference `fig:MLEab0' on page 59 undefined on input line 3575.

[59]
File: Figures/figure2.3.png Graphic file (type QTm)
<use  "Figures/figure2.3.png" > [60]

Package natbib Warning: Citation `freesregression' on page 61 undefined on inpu
t line 3656.


LaTeX Warning: Reference `eq:ab0' on page 61 undefined on input line 3695.


LaTeX Warning: Reference `eq:ab0' on page 61 undefined on input line 3696.

[61]

LaTeX Warning: Reference `eq:ab1' on page 62 undefined on input line 3718.


LaTeX Warning: Reference `S:the-a-b-0-class' on page 62 undefined on input line
 3727.


LaTeX Warning: Reference `eq:ab0' on page 62 undefined on input line 3729.


LaTeX Warning: Reference `S:the-a-b-0-class' on page 62 undefined on input line
 3736.

[62]
Overfull \hbox (26.46245pt too wide) detected at line 3793
 [] 
 []

[63]

LaTeX Warning: Reference `eq:mixdefn' on page 64 undefined on input line 3870.


LaTeX Warning: Reference `eq:mixdefn' on page 64 undefined on input line 3875.

[64]

LaTeX Warning: Reference `C:AppB' on page 65 undefined on input line 3888.

[65]
Underfull \hbox (badness 10000) in paragraph at lines 3962--3963

 []


Overfull \hbox (100.79755pt too wide) in paragraph at lines 3986--3986
[] 
 []

[66]

Package natbib Warning: Citation `zimmerman2015' on page 67 undefined on input 
line 4071.

[67] [68] [69] [70]

LaTeX Warning: Reference `eq:ab0' on page 71 undefined on input line 4289.

[71]

LaTeX Warning: Reference `C:AppA' on page 72 undefined on input line 4352.


LaTeX Warning: Reference `C:AppC' on page 72 undefined on input line 4354.


Underfull \hbox (badness 7308) in paragraph at lines 4363--4369
[]\TU/lmr/bx/n/10 N.D. Shyamalkumar\TU/lmr/m/n/10 , The University of Iowa, and
 \TU/lmr/bx/n/10 Krupa
 []


LaTeX Warning: Reference `fig:MLEab0' on page 72 undefined on input line 4375.

[72]
Underfull \vbox (badness 10000) detected at line 4456
 []


Underfull \vbox (badness 10000) detected at line 4456
 []

[73]

LaTeX Warning: Reference `fig:MLEm' on page 74 undefined on input line 4460.

[74] [75] [76

]
Chapter 3.

LaTeX Warning: Reference `C:Frequency-Modeling' on page 77 undefined on input l
ine 4520.


LaTeX Warning: Reference `C:Frequency-Modeling' on page 77 undefined on input l
ine 4542.


LaTeX Warning: Reference `C:AggLossModels' on page 77 undefined on input line 4
544.


Underfull \vbox (badness 10000) has occurred while \output is active []

[77]

LaTeX Warning: Reference `S:Tails' on page 78 undefined on input line 4614.

[78]

LaTeX Warning: Reference `S:Loss:Gamma' on page 79 undefined on input line 4620
.


Overfull \hbox (133.17085pt too wide) detected at line 4641
[] \OT1/lmr/m/n/10 = [] = [][]  = [] = [] = 1\OML/lmm/m/it/10 :
 []

[79]

LaTeX Warning: Reference `S:MS:QuantileEstimator' on page 80 undefined on input
 line 4684.


LaTeX Warning: Reference `S:Loss:Gamma' on page 80 undefined on input line 4709
.

[80]
Underfull \hbox (badness 10000) in paragraph at lines 4743--4744

 []

[81]

LaTeX Warning: Reference `S:generating-functions' on page 82 undefined on input
 line 4775.


LaTeX Warning: Reference `S:poisson-distribution' on page 82 undefined on input
 line 4815.


LaTeX Warning: Reference `C:ModelSelection' on page 82 undefined on input line 
4819.

[82]

LaTeX Warning: Reference `fig:gammapdf' on page 83 undefined on input line 4827
.

File: LossDataAnalytics_files/figure-latex/gammapdf-1.pdf Graphic file (type QT
m)
<use  "LossDataAnalytics_files/figure-latex/gammapdf-1.pdf" >
Overfull \hbox (69.02373pt too wide) in paragraph at lines 4832--4833
 [][] 
 []


Overfull \hbox (3.8845pt too wide) has occurred while \output is active
\TU/lmr/m/sl/10 3.2.  CONTINUOUS DISTRIBUTIONS FOR MODELING LOSS SEVERITY \TU/l
mr/m/n/10 83
 []

[83]

LaTeX Warning: Reference `S:AppA:HT' on page 84 undefined on input line 4877.

[84]

LaTeX Warning: Reference `fig:Paretopdf' on page 85 undefined on input line 492
0.

File: LossDataAnalytics_files/figure-latex/Paretopdf-1.pdf Graphic file (type Q
Tm)
<use  "LossDataAnalytics_files/figure-latex/Paretopdf-1.pdf" >
Overfull \hbox (69.02373pt too wide) in paragraph at lines 4925--4926
 [][] 
 []


Overfull \hbox (3.8845pt too wide) has occurred while \output is active
\TU/lmr/m/sl/10 3.2.  CONTINUOUS DISTRIBUTIONS FOR MODELING LOSS SEVERITY \TU/l
mr/m/n/10 85
 []

[85] [86]
Overfull \hbox (3.8845pt too wide) has occurred while \output is active
\TU/lmr/m/sl/10 3.2.  CONTINUOUS DISTRIBUTIONS FOR MODELING LOSS SEVERITY \TU/l
mr/m/n/10 87
 []

[87]

LaTeX Warning: Reference `fig:Weibullpdf' on page 88 undefined on input line 50
25.

File: LossDataAnalytics_files/figure-latex/Weibullpdf-1.pdf Graphic file (type 
QTm)
<use  "LossDataAnalytics_files/figure-latex/Weibullpdf-1.pdf" >
Overfull \hbox (69.02373pt too wide) in paragraph at lines 5030--5031
 [][] 
 []

[88]
Overfull \hbox (3.8845pt too wide) has occurred while \output is active
\TU/lmr/m/sl/10 3.2.  CONTINUOUS DISTRIBUTIONS FOR MODELING LOSS SEVERITY \TU/l
mr/m/n/10 89
 []

[89]

Package natbib Warning: Citation `venter1983transformed' on page 90 undefined o
n input line 5129.


Package natbib Warning: Citation `mcdonald1984some' on page 90 undefined on inp
ut line 5130.

[90]

LaTeX Warning: Reference `eq:GB2Distn' on page 91 undefined on input line 5162.



LaTeX Warning: Reference `S:Tails' on page 91 undefined on input line 5171.


Overfull \hbox (3.8845pt too wide) has occurred while \output is active
\TU/lmr/m/sl/10 3.2.  CONTINUOUS DISTRIBUTIONS FOR MODELING LOSS SEVERITY \TU/l
mr/m/n/10 91
 []

[91]

LaTeX Warning: Reference `S:ContinuousDistn' on page 92 undefined on input line
 5207.

[92]
Overfull \hbox (149.11803pt too wide) detected at line 5274
\OML/lmm/m/it/10 f[] [] \OT1/lmr/m/n/10 = []\OML/lmm/m/it/10 f[] [] []  \OT1/lm
r/m/n/10 = [][] [] [] []  = [] [] [] \OML/lmm/m/it/10 :
 []

[93]

LaTeX Warning: Reference `S:ContinuousDistn' on page 94 undefined on input line
 5297.


LaTeX Warning: Reference `S:LS:Weibull' on page 94 undefined on input line 5306
.

[94] [95] [96] [97] [98]

LaTeX Warning: Reference `S:MS:BayesInference' on page 99 undefined on input li
ne 5541.


LaTeX Warning: Reference `C:AppB' on page 99 undefined on input line 5560.

[99]
Overfull \hbox (85.9516pt too wide) detected at line 5580
\OT1/lmr/m/n/10 E [] = E [] = E [] = 1[]V [] = V [] + E [] = V [] + E [] = 1 + 
1 = 2\OML/lmm/m/it/10 :
 []

[100]
Overfull \hbox (49.8651pt too wide) detected at line 5620
[] [] \OT1/lmr/m/n/10 = E [] + [] [] []  = E [] + [] [] = 8\OML/lmm/m/it/10 :\O
T1/lmr/m/n/10 33 + [] [] = 33\OML/lmm/m/it/10 :\OT1/lmr/m/n/10 33\OML/lmm/m/it/
10 :
 []

[101] [102] [103] [104] [105] [106]
Overfull \hbox (72.74818pt too wide) detected at line 5940
\OT1/lmr/m/n/10 E [] = E [] = [][] \OML/lmm/m/it/10 x[]f[] [] dx \OT1/lmr/m/n/1
0 + [][] []\OML/lmm/m/it/10 dx[]  \OT1/lmr/m/n/10 = [][] \OML/lmm/m/it/10 x[]f[
] [] dx \OT1/lmr/m/n/10 + \OML/lmm/m/it/10 u[] [] :
 []


Underfull \hbox (badness 1137) in paragraph at lines 5947--5953
\TU/lmr/m/n/10 anceinsurance provided to groups of people to take advantage of 
lower
 []

[107]

LaTeX Warning: Reference `S:PolicyDeduct' on page 108 undefined on input line 5
975.


LaTeX Warning: Reference `S:PolicyLimits' on page 108 undefined on input line 5
993.


Overfull \hbox (198.52538pt too wide) detected at line 6020
\OT1/lmr/m/n/10 E [] = \OML/lmm/m/it/10 ^^K[] [][] [] []  [] ;
 []

[108] [109]

LaTeX Warning: Reference `S:PolicyDeduct' on page 110 undefined on input line 6
090.

[110]
Overfull \hbox (172.45294pt too wide) detected at line 6181
\OT1/lmr/m/n/10 E []\OML/lmm/m/it/10 Y[] \OT1/lmr/m/n/10 = 0\OML/lmm/m/it/10 :\
OT1/lmr/m/n/10 85 []E [](\OML/lmm/m/it/10 X \OMS/lmsy/m/n/10 ^ \OT1/lmr/m/n/10 
5000) = 0\OML/lmm/m/it/10 :\OT1/lmr/m/n/10 85 [][] [] []  = 0\OML/lmm/m/it/10 :
\OT1/lmr/m/n/10 85 [][] [] = 741\OML/lmm/m/it/10 :\OT1/lmr/m/n/10 5103\OML/lmm/
m/it/10 :
 []

[111]
Overfull \hbox (68.28976pt too wide) detected at line 6199
\OT1/lmr/m/n/10 E []\OML/lmm/m/it/10 Y[]\OT1/lmr/m/n/10 (\OML/lmm/m/it/10 u \OT
1/lmr/m/n/10 = \OMS/lmsy/m/n/10 1\OT1/lmr/m/n/10 )[] = 0\OML/lmm/m/it/10 :\OT1/
lmr/m/n/10 85[] []E []\OML/lmm/m/it/10 X[] \OT1/lmr/m/n/10 = 0\OML/lmm/m/it/10 
:\OT1/lmr/m/n/10 85[] [][][]  = 0\OML/lmm/m/it/10 :\OT1/lmr/m/n/10 85[] [][] = 
1560600\OML/lmm/m/it/10 :
 []


LaTeX Warning: Reference `S:Reinsurance' on page 112 undefined on input line 62
13.


LaTeX Warning: Reference `S:AppA:BASIC' on page 112 undefined on input line 625
7.

[112]

LaTeX Warning: Reference `S:estimating-frequency-distributions' on page 113 und
efined on input line 6266.


LaTeX Warning: Reference `fig:LoglikeOnePareto' on page 113 undefined on input 
line 6305.

File: LossDataAnalytics_files/figure-latex/LoglikeOnePareto-1.pdf Graphic file 
(type QTm)
<use  "LossDataAnalytics_files/figure-latex/LoglikeOnePareto-1.pdf" >
Overfull \hbox (23.65623pt too wide) detected at line 6321
[]\OML/lmm/m/it/10 l\OT1/lmr/m/n/10 (\OML/lmm/m/it/10 ^^K\OMS/lmsy/m/n/10 j\OT1
/lmr/bx/n/10 x\OT1/lmr/m/n/10 ) = 5 [] 500 + 5\OML/lmm/m/it/10 =^^K \OMS/lmsy/m
/n/10 ^^@ [] [] \OML/lmm/m/it/10 x[] \OT1/lmr/m/n/10 =[] 0 \OMS/lmsy/m/n/10 ) [
] \OT1/lmr/m/n/10 = [] = 2\OML/lmm/m/it/10 :\OT1/lmr/m/n/10 453\OML/lmm/m/it/10
 :
 []

[113] [114] [115] [116]

LaTeX Warning: Reference `C:AppC' on page 117 undefined on input line 6440.

[117]
Overfull \hbox (26.23827pt too wide) in paragraph at lines 6520--6521
[]$\OT1/lmr/m/n/10 E [] = [] [][] [] = [] [][] []$\TU/lmr/m/n/10 =$[] [][] [] \
OT1/lmr/m/n/10 =
 []


Overfull \hbox (68.9326pt too wide) in paragraph at lines 6524--6525
[]$\OT1/lmr/m/n/10 E [] = [] \OMS/lmsy/m/n/10 ^^@ [] [][] [][] \OT1/lmr/m/n/10 
= [] \OMS/lmsy/m/n/10 ^^@ [] [][] []$\TU/lmr/m/n/10 . 
 []

[118]

LaTeX Warning: Reference `S:LGPIF' on page 119 undefined on input line 6596.

[119] [120]
File: LossDataAnalytics_files/figure-latex/MLECompare-1.pdf Graphic file (type 
QTm)
<use  "LossDataAnalytics_files/figure-latex/MLECompare-1.pdf" >

LaTeX Warning: Reference `fig:MLECompare' on page 121 undefined on input line 6
690.


LaTeX Warning: Reference `S:MS:NonParInf' on page 121 undefined on input line 6
692.


LaTeX Warning: Reference `C:ModelSelection' on page 121 undefined on input line
 6697.


LaTeX Warning: Reference `S:MS:ModifiedData' on page 121 undefined on input lin
e 6711.


Underfull \vbox (badness 5847) has occurred while \output is active []

[121] [122]

LaTeX Font Warning: Command \small invalid in math mode on input line 6740.


LaTeX Warning: Reference `S:PolicyLimits' on page 123 undefined on input line 6
789.

[123] [124]

LaTeX Warning: Reference `S:PolicyDeduct' on page 125 undefined on input line 6
853.

[125]
Overfull \hbox (38.75464pt too wide) detected at line 6917
[] \OT1/lmr/m/n/10 = [] = [] = 0\OML/lmm/m/it/10 :\OT1/lmr/m/n/10 785\OML/lmm/m
/it/10 :
 []

[126]

Package natbib Warning: Citation `cummins1991managing' on page 127 undefined on
 input line 6968.


Package natbib Warning: Citation `frees2008hierarchical' on page 127 undefined 
on input line 6969.


Package natbib Warning: Citation `klugman2012' on page 127 undefined on input l
ine 6969.


Package natbib Warning: Citation `kreer2015goodness' on page 127 undefined on i
nput line 6970.


Package natbib Warning: Citation `mcdonald1984some' on page 127 undefined on in
put line 6970.


Package natbib Warning: Citation `mcdonald1995generalization' on page 127 undef
ined on input line 6971.


Package natbib Warning: Citation `tevet2016applying' on page 127 undefined on i
nput line 6971.


Package natbib Warning: Citation `venter1983transformed' on page 127 undefined 
on input line 6972.

[127] [128

]
Chapter 4.

LaTeX Warning: Reference `C:Frequency-Modeling' on page 129 undefined on input 
line 6976.


LaTeX Warning: Reference `C:Severity' on page 129 undefined on input line 6977.



LaTeX Warning: Reference `S:MS:NonParInf' on page 129 undefined on input line 6
981.


LaTeX Warning: Reference `S:MS:ModelSelection' on page 129 undefined on input l
ine 6985.


LaTeX Warning: Reference `S:MS:ModifiedData' on page 129 undefined on input lin
e 6991.


LaTeX Warning: Reference `S:MaxLikeEstimation' on page 129 undefined on input l
ine 6993.


LaTeX Warning: Reference `S:MS:BayesInference' on page 129 undefined on input l
ine 6995.

[129]

LaTeX Warning: Reference `S:basic-frequency-distributions' on page 130 undefine
d on input line 7025.


LaTeX Warning: Reference `S:BasicQuantities' on page 130 undefined on input lin
e 7026.


LaTeX Warning: Reference `S:generating-functions' on page 130 undefined on inpu
t line 7061.


LaTeX Warning: Reference `S:Chap3Moments' on page 130 undefined on input line 7
062.

[130] [131]

LaTeX Font Warning: Command \small invalid in math mode on input line 7133.


LaTeX Warning: Reference `fig:EDFToy' on page 132 undefined on input line 7165.


File: LossDataAnalytics_files/figure-latex/EDFToy-1.pdf Graphic file (type QTm)

<use  "LossDataAnalytics_files/figure-latex/EDFToy-1.pdf" > [132]

LaTeX Warning: Reference `fig:Quantile1' on page 133 undefined on input line 72
22.

File: LossDataAnalytics_files/figure-latex/Quantile1-1.pdf Graphic file (type Q
Tm)
<use  "LossDataAnalytics_files/figure-latex/Quantile1-1.pdf" >

LaTeX Warning: Reference `fig:Quantile2' on page 133 undefined on input line 72
38.


LaTeX Warning: Reference `fig:EDFToy' on page 133 undefined on input line 7241.



LaTeX Warning: Reference `eq:Quantile' on page 133 undefined on input line 7245
.


LaTeX Warning: Reference `eq:Quantile' on page 133 undefined on input line 7248
.

File: LossDataAnalytics_files/figure-latex/Quantile2-1.pdf Graphic file (type Q
Tm)
<use  "LossDataAnalytics_files/figure-latex/Quantile2-1.pdf" > [133] [134]

LaTeX Warning: Reference `fig:EDFToy' on page 135 undefined on input line 7267.



LaTeX Warning: Reference `fig:Quantile2' on page 135 undefined on input line 72
90.

[135]

LaTeX Warning: Reference `eq:KDF' on page 136 undefined on input line 7352.


Overfull \hbox (19.99457pt too wide) detected at line 7363
[][]
 []

[136]

LaTeX Warning: Reference `eq:KDF' on page 137 undefined on input line 7384.


LaTeX Font Warning: Command \small invalid in math mode on input line 7390.


LaTeX Warning: Reference `fig:Density2' on page 137 undefined on input line 741
3.

File: LossDataAnalytics_files/figure-latex/Density2-1.pdf Graphic file (type QT
m)
<use  "LossDataAnalytics_files/figure-latex/Density2-1.pdf" > [137] [138]

Package natbib Warning: Citation `derrig2001applications' on page 139 undefined
 on input line 7546.

[139]

LaTeX Warning: Reference `fig:BIClaims' on page 140 undefined on input line 755
2.

File: LossDataAnalytics_files/figure-latex/BIClaims-1.pdf Graphic file (type QT
m)
<use  "LossDataAnalytics_files/figure-latex/BIClaims-1.pdf" >

LaTeX Warning: Reference `fig:BIClaims' on page 140 undefined on input line 757
8.

File: LossDataAnalytics_files/figure-latex/LER-1.pdf Graphic file (type QTm)
<use  "LossDataAnalytics_files/figure-latex/LER-1.pdf" > [140] [141]

LaTeX Warning: Reference `fig:ComparisonCDFPDF' on page 142 undefined on input 
line 7622.

File: LossDataAnalytics_files/figure-latex/ComparisonCDFPDF-1.pdf Graphic file 
(type QTm)
<use  "LossDataAnalytics_files/figure-latex/ComparisonCDFPDF-1.pdf" >

LaTeX Warning: Reference `fig:PPPlot' on page 142 undefined on input line 7648.


[142]
File: LossDataAnalytics_files/figure-latex/PPPlot-1.pdf Graphic file (type QTm)

<use  "LossDataAnalytics_files/figure-latex/PPPlot-1.pdf" >

LaTeX Warning: Reference `fig:ComparisonCDFPDF' on page 143 undefined on input 
line 7668.


LaTeX Warning: Reference `fig:QQPlot' on page 143 undefined on input line 7678.



LaTeX Warning: Reference `fig:QQPlot' on page 143 undefined on input line 7684.


[143]
File: LossDataAnalytics_files/figure-latex/QQPlot-1.pdf Graphic file (type QTm)

<use  "LossDataAnalytics_files/figure-latex/QQPlot-1.pdf" >
File: LossDataAnalytics_files/figure-latex/unnamed-chunk-40-1.pdf Graphic file 
(type QTm)
<use  "LossDataAnalytics_files/figure-latex/unnamed-chunk-40-1.pdf" > [144]

LaTeX Font Warning: Command \small invalid in math mode on input line 7756.


Overfull \hbox (39.75099pt too wide) detected at line 7772
[]
 []

[145]
Overfull \hbox (96.31134pt too wide) in paragraph at lines 7820--7822
[]\TU/lmr/m/n/10 The Kolmogorov-Smirnov test statistic is therefore $\OML/lmm/m
/it/10 KS \OT1/lmr/m/n/10 = [](0\OML/lmm/m/it/10 :\OT1/lmr/m/n/10 2517\OML/lmm/
m/it/10 ; \OT1/lmr/m/n/10 0\OML/lmm/m/it/10 :\OT1/lmr/m/n/10 2727\OML/lmm/m/it/
10 ; \OT1/lmr/m/n/10 0\OML/lmm/m/it/10 :\OT1/lmr/m/n/10 1934\OML/lmm/m/it/10 ; 
\OT1/lmr/m/n/10 0\OML/lmm/m/it/10 :\OT1/lmr/m/n/10 1408\OML/lmm/m/it/10 ; \OT1/
lmr/m/n/10 0\OML/lmm/m/it/10 :\OT1/lmr/m/n/10 1620) =
 []


LaTeX Warning: Reference `C:AppC' on page 146 undefined on input line 7830.

[146]

LaTeX Warning: Reference `S:MS:MomentEstimator' on page 147 undefined on input 
line 7848.

[147]

LaTeX Warning: Reference `S:MS:QuantileEstimator' on page 148 undefined on inpu
t line 7930.

[148] [149]

Package natbib Warning: Citation `box1980sampling' on page 150 undefined on inp
ut line 8076.


LaTeX Warning: Reference `fig:Iterative' on page 150 undefined on input line 80
78.

[150]
File: Figures/F5Iterative.png Graphic file (type QTm)
<use  "Figures/F5Iterative.png" >
Underfull \vbox (badness 10000) has occurred while \output is active []

[151]

LaTeX Warning: Reference `S:MS:NonParInf' on page 152 undefined on input line 8
132.


LaTeX Warning: Reference `S:MS:ToolsModelSelection' on page 152 undefined on in
put line 8149.


LaTeX Warning: Reference `S:AppA:HT:LRT' on page 152 undefined on input line 81
57.


LaTeX Warning: Reference `S:AppC:MLEModelVal' on page 152 undefined on input li
ne 8157.


LaTeX Warning: Reference `S:AppA:HT:IC' on page 152 undefined on input line 816
6.


LaTeX Warning: Reference `S:MS:Tools:Stats' on page 152 undefined on input line
 8170.


LaTeX Warning: Reference `S:goodness-of-fit' on page 152 undefined on input lin
e 8172.


Underfull \vbox (badness 6412) has occurred while \output is active []

[152]

LaTeX Warning: Reference `fig:ModelValidation' on page 153 undefined on input l
ine 8209.

File: LossDataAnalytics_files/figure-latex/ModelValidation-1.pdf Graphic file (
type QTm)
<use  "LossDataAnalytics_files/figure-latex/ModelValidation-1.pdf" >

Package natbib Warning: Citation `snee1977validation' on page 153 undefined on 
input line 8222.


Package natbib Warning: Citation `picard1990data' on page 153 undefined on inpu
t line 8224.

[153]

Package natbib Warning: Citation `james2013introduction' on page 154 undefined 
on input line 8231.


LaTeX Warning: Reference `C:PremiumFoundations' on page 154 undefined on input 
line 8251.


LaTeX Warning: Reference `eq:OutSampleCriter' on page 154 undefined on input li
ne 8277.

[154]

LaTeX Warning: Reference `eq:OutSampleCriter' on page 155 undefined on input li
ne 8298.


LaTeX Warning: Reference `S:MaxLikeEstimation' on page 155 undefined on input l
ine 8345.


LaTeX Warning: Reference `C:PortMgt' on page 155 undefined on input line 8352.

[155] [156]
Underfull \hbox (badness 1005) in paragraph at lines 8414--8417
[]\TU/lmr/m/n/10 Maximizing the likelihood function (or equivalently, maximizin
g the log-
 []


LaTeX Font Warning: Command \small invalid in math mode on input line 8432.


LaTeX Warning: Reference `S:PolicyLimits' on page 157 undefined on input line 8
479.

[157]

LaTeX Warning: Reference `S:Chap3Reinsurance' on page 158 undefined on input li
ne 8492.


LaTeX Warning: Reference `C:PortMgt' on page 158 undefined on input line 8493.


LaTeX Warning: Reference `S:PolicyDeduct' on page 158 undefined on input line 8
526.


LaTeX Warning: Reference `S:PolicyDeduct' on page 158 undefined on input line 8
531.

[158]

LaTeX Warning: Reference `fig:CensorTrunc' on page 159 undefined on input line 
8561.

File: LossDataAnalytics_files/figure-latex/CensorTrunc-1.pdf Graphic file (type
 QTm)
<use  "LossDataAnalytics_files/figure-latex/CensorTrunc-1.pdf" >

LaTeX Warning: Reference `fig:Mortality' on page 159 undefined on input line 85
84.

File: LossDataAnalytics_files/figure-latex/Mortality-1.pdf Graphic file (type Q
Tm)
<use  "LossDataAnalytics_files/figure-latex/Mortality-1.pdf" > [159]

Package longtable Warning: Column widths have changed
(longtable)                in table 4.1 on input line 8648.


Overfull \vbox (168.05551pt too high) has occurred while \output is active []

[160]

LaTeX Font Warning: Command \small invalid in math mode on input line 8693.


Underfull \hbox (badness 1242) in paragraph at lines 8725--8730
[]\TU/lmr/bx/n/10 Special Case: Exponential Distribution. \TU/lmr/m/n/10 Consid
er data that are
 []


Overfull \hbox (3.96281pt too wide) detected at line 8738
[][]
 []

[161] [162]

LaTeX Warning: Reference `S:MS:GroupedData' on page 163 undefined on input line
 8846.

[163]

LaTeX Font Warning: Command \small invalid in math mode on input line 8872.

[164]

Package natbib Warning: Citation `kaplan1958' on page 165 undefined on input li
ne 8913.


Package natbib Warning: Citation `kaplan1958' on page 165 undefined on input li
ne 8942.

[165]

Package natbib Warning: Citation `derrig2001applications' on page 166 undefined
 on input line 9026.


LaTeX Warning: Reference `fig:KMSurvival' on page 166 undefined on input line 9
030.

[166]
File: LossDataAnalytics_files/figure-latex/KMSurvival-1.pdf Graphic file (type 
QTm)
<use  "LossDataAnalytics_files/figure-latex/KMSurvival-1.pdf" > [167]

LaTeX Warning: Reference `eq:KaplanMeier' on page 168 undefined on input line 9
070.


Package natbib Warning: Citation `greenwood1926' on page 168 undefined on input
 line 9072.


Package natbib Warning: Citation `aalen1978' on page 168 undefined on input lin
e 9094.

[168]

LaTeX Font Warning: Command \small invalid in math mode on input line 9138.

[169]
Overfull \hbox (9.13626pt too wide) detected at line 9224
[][]
 []

[170]

LaTeX Warning: Reference `C:Frequency-Modeling' on page 171 undefined on input 
line 9318.

[171]

LaTeX Warning: Reference `S:ConjugateDistributions' on page 172 undefined on in
put line 9358.


LaTeX Warning: Reference `C:AppB' on page 172 undefined on input line 9383.

[172]

LaTeX Warning: Reference `S:negative-binomial-distribution' on page 173 undefin
ed on input line 9399.


LaTeX Warning: Reference `C:Simulation' on page 173 undefined on input line 940
8.


Package natbib Warning: Citation `hartman2016' on page 173 undefined on input l
ine 9410.


LaTeX Warning: Reference `S:IntroBayes' on page 173 undefined on input line 941
6.

[173] [174]

LaTeX Font Warning: Command \small invalid in math mode on input line 9493.

[175]
Overfull \hbox (26.49461pt too wide) detected at line 9571
\OML/lmm/m/it/10 ^^Y\OT1/lmr/m/n/10 (\OML/lmm/m/it/10 ^^R\OMS/lmsy/m/n/10 j\OT1
/lmr/m/n/10 3) = [] = [] = [] = 32(3 + \OML/lmm/m/it/10 ^^R\OT1/lmr/m/n/10 )[]\
OML/lmm/m/it/10 ;   ^^R > \OT1/lmr/m/n/10 1
 []

[176]

LaTeX Font Warning: Command \small invalid in math mode on input line 9610.


LaTeX Font Warning: Command \small invalid in math mode on input line 9621.


Overfull \hbox (39.75441pt too wide) detected at line 9646
[][]
 []

[177]
Overfull \hbox (70.13113pt too wide) detected at line 9726
[][]
 []

[178]
Overfull \hbox (1.59877pt too wide) detected at line 9768
[][]
 []


LaTeX Font Warning: Command \small invalid in math mode on input line 9779.


Package amsmath Warning: Foreign command \atopwithdelims;
(amsmath)                \frac or \genfrac should be used instead
(amsmath)                 on input line 9804.

[179]
Overfull \hbox (5.05151pt too wide) detected at line 9829
[][]
 []


LaTeX Warning: Reference `S:IntroBayes' on page 180 undefined on input line 983
7.

[180] [181]

LaTeX Warning: Reference `S:AppConjugateDistributions' on page 182 undefined on
 input line 9958.

[182] [183] [184

]
Chapter 5.
[185] [186] [187]

LaTeX Font Warning: Command \small invalid in math mode on input line 10138.


LaTeX Font Warning: Command \small invalid in math mode on input line 10170.


Overfull \hbox (101.91608pt too wide) in alignment at lines 10188--10194
 [][][] []
 []

[188]

LaTeX Warning: Reference `S:the-a-b-0-class' on page 189 undefined on input lin
e 10228.


LaTeX Warning: Reference `S:zero-truncation-or-modification' on page 189 undefi
ned on input line 10231.


LaTeX Warning: Reference `S:zero-truncation-or-modification' on page 189 undefi
ned on input line 10241.

[189]

LaTeX Font Warning: Command \small invalid in math mode on input line 10251.


Overfull \hbox (120.69504pt too wide) detected at line 10287
[][]
 []


LaTeX Warning: Reference `S:the-a-b-0-class' on page 190 undefined on input lin
e 10290.

[190] [191]

LaTeX Font Warning: Command \small invalid in math mode on input line 10380.


Overfull \hbox (73.86583pt too wide) detected at line 10396
[]
 []

[192]
Underfull \hbox (badness 1454) in paragraph at lines 10415--10420
[]\TU/lmr/bx/n/10 Example 5.2.5. Negative Binomial Distribution. \TU/lmr/m/n/10
 Assume that
 []

[193]
Overfull \hbox (155.03252pt too wide) detected at line 10490
[][]
 []

[194]
Overfull \hbox (65.6434pt too wide) detected at line 10541
[][]
 []

[195]

LaTeX Font Warning: Command \small invalid in math mode on input line 10595.

[196]
Underfull \vbox (badness 10000) has occurred while \output is active []

[197]

LaTeX Font Warning: Command \small invalid in math mode on input line 10714.

[198] [199]

LaTeX Warning: Reference `S:CoverageModifications' on page 200 undefined on inp
ut line 10796.


LaTeX Font Warning: Command \small invalid in math mode on input line 10827.

[200]
Overfull \hbox (16.06113pt too wide) detected at line 10872
[][]
 []


Overfull \hbox (53.0022pt too wide) detected at line 10895
[][]
 []

[201]
Overfull \hbox (237.51204pt too wide) detected at line 10914
[][]
 []


Underfull \hbox (badness 10000) in paragraph at lines 10926--10927

 []


Underfull \hbox (badness 10000) in paragraph at lines 10932--10933

 []

[202] [203] [204] [205]
Overfull \hbox (35.52283pt too wide) detected at line 11099
\OML/lmm/m/it/10 C\OT1/lmr/m/n/10 (\OML/lmm/m/it/10 s\OT1/lmr/m/n/10 ; \OML/lmm
/m/it/10 ^^^=![]\OT1/lmr/m/n/10 ) = []
 []

[206]

LaTeX Warning: Reference `S:the-a-b-0-class' on page 207 undefined on input lin
e 11145.


LaTeX Warning: Reference `S:zero-truncation-or-modification' on page 207 undefi
ned on input line 11146.


Overfull \hbox (12.5817pt too wide) detected at line 11158
[][]
 []

[207] [208]

LaTeX Warning: Reference `C:ModelSelection' on page 209 undefined on input line
 11265.

[209]
File: LossDataAnalytics_files/figure-latex/unnamed-chunk-50-1.pdf Graphic file 
(type QTm)
<use  "LossDataAnalytics_files/figure-latex/unnamed-chunk-50-1.pdf" >
Underfull \vbox (badness 10000) has occurred while \output is active []

[210] [211]

LaTeX Font Warning: Command \small invalid in math mode on input line 11407.


Underfull \hbox (badness 10000) in paragraph at lines 11427--11431

 []

[212] [213] [214]

LaTeX Warning: Reference `S:zero-truncation-or-modification' on page 215 undefi
ned on input line 11587.

[215] [216]

LaTeX Warning: Reference `S:MS:DedImpactClmFreq' on page 217 undefined on input
 line 11674.

[217]

LaTeX Font Warning: Command \small invalid in math mode on input line 11722.


Overfull \hbox (50.81923pt too wide) detected at line 11763
[][]
 []

[218]

LaTeX Warning: Reference `S:MS:DedImpactClmFreq' on page 219 undefined on input
 line 11796.

[219] [220]
Overfull \hbox (105.59792pt too wide) detected at line 11915
[][]
 []

[221]
Overfull \hbox (55.84648pt too wide) detected at line 11923
[][]
 []


Overfull \hbox (89.43134pt too wide) detected at line 11947
[][]
 []


Overfull \hbox (148.8819pt too wide) detected at line 11957
[][]
 []

[222]
LaTeX Font Info:    External font `lmex10' loaded for size
(Font)              <12> on input line 11963.

Package hyperref Warning: Token not allowed in a PDF string (Unicode):
(hyperref)                removing `math shift' on input line 11965.


Package hyperref Warning: Token not allowed in a PDF string (Unicode):
(hyperref)                removing `subscript' on input line 11965.


Package hyperref Warning: Token not allowed in a PDF string (Unicode):
(hyperref)                removing `math shift' on input line 11965.


Package hyperref Warning: Token not allowed in a PDF string (Unicode):
(hyperref)                removing `subscript' on input line 11965.


Package hyperref Warning: Token not allowed in a PDF string (Unicode):
(hyperref)                removing `superscript' on input line 11965.


Overfull \hbox (88.85292pt too wide) detected at line 11979
[][]
 []


Package hyperref Warning: Token not allowed in a PDF string (Unicode):
(hyperref)                removing `math shift' on input line 11987.


Package hyperref Warning: Token not allowed in a PDF string (Unicode):
(hyperref)                removing `subscript' on input line 11987.

[223] [224]
Chapter 6.

LaTeX Warning: Reference `S:SimulationFundamentals' on page 225 undefined on in
put line 12024.


LaTeX Warning: Reference `S:Bootstrap' on page 225 undefined on input line 1203
0.


LaTeX Warning: Reference `S:CrossValidation' on page 225 undefined on input lin
e 12035.


LaTeX Warning: Reference `S:ImportanceSampling' on page 225 undefined on input 
line 12036.


LaTeX Warning: Reference `S:MCMC' on page 225 undefined on input line 12039.


Underfull \vbox (badness 5787) has occurred while \output is active []

[225

] [226] [227]

Package longtable Warning: Column widths have changed
(longtable)                in table 6.1 on input line 12124.


Overfull \hbox (0.22108pt too wide) in paragraph at lines 12126--12131
\TU/lmr/m/n/10 cated. That is, despite the fact that {$\OML/lmm/m/it/10 U[]$\TU
/lmr/m/n/10 } appears to be i.i.d, it can be reproduced
 []

[228] [229]
File: LossDataAnalytics_files/figure-latex/BinaryDF-1.pdf Graphic file (type QT
m)
<use  "LossDataAnalytics_files/figure-latex/BinaryDF-1.pdf" >

LaTeX Warning: Reference `fig:BinaryDF' on page 230 undefined on input line 123
12.

[230]
Overfull \hbox (155.0401pt too wide) in paragraph at lines 12360--12371
[][] 
 []

File: LossDataAnalytics_files/figure-latex/DiscreteDF-1.pdf Graphic file (type 
QTm)
<use  "LossDataAnalytics_files/figure-latex/DiscreteDF-1.pdf" >

LaTeX Warning: Reference `fig:DiscreteDF' on page 231 undefined on input line 1
2382.


LaTeX Font Warning: Command \small invalid in math mode on input line 12385.

[231]

LaTeX Font Warning: Command \small invalid in math mode on input line 12406.


LaTeX Font Warning: Command \small invalid in math mode on input line 12422.


Underfull \hbox (badness 1389) in paragraph at lines 12435--12441
[]\TU/lmr/m/n/10 Both algorithms produce (in the long-run) the same probabiliti
es, e.g.,
 []


LaTeX Warning: Reference `fig:MixedDF' on page 232 undefined on input line 1244
9.

[232]
File: LossDataAnalytics_files/figure-latex/MixedDF-1.pdf Graphic file (type QTm
)
<use  "LossDataAnalytics_files/figure-latex/MixedDF-1.pdf" >

LaTeX Warning: Reference `fig:MixedDF' on page 233 undefined on input line 1246
9.

[233] [234]

LaTeX Warning: Reference `fig:PortfolioDF' on page 235 undefined on input line 
12587.

File: LossDataAnalytics_files/figure-latex/PortfolioDF-1.pdf Graphic file (type
 QTm)
<use  "LossDataAnalytics_files/figure-latex/PortfolioDF-1.pdf" > [235]

LaTeX Warning: Reference `eq:NumSimulations' on page 236 undefined on input lin
e 12660.

[236] [237] [238] [239]

LaTeX Warning: Reference `fig:KSTestData' on page 240 undefined on input line 1
2842.

File: LossDataAnalytics_files/figure-latex/KSTestData-1.pdf Graphic file (type 
QTm)
<use  "LossDataAnalytics_files/figure-latex/KSTestData-1.pdf" > [240] [241]
File: LossDataAnalytics_files/figure-latex/KSSimulatedDistribution-1.pdf Graphi
c file (type QTm)
<use  "LossDataAnalytics_files/figure-latex/KSSimulatedDistribution-1.pdf" >
Underfull \vbox (badness 1253) has occurred while \output is active []

[242]

LaTeX Warning: Reference `fig:KSSimulatedDistribution' on page 243 undefined on
 input line 12953.


LaTeX Warning: Reference `S:SimulationFundamentals' on page 243 undefined on in
put line 13007.

[243]

LaTeX Warning: Reference `S:SimulationStatInference' on page 244 undefined on i
nput line 13025.


LaTeX Warning: Reference `S:ParametricBootStrap' on page 244 undefined on input
 line 13048.


LaTeX Warning: Reference `fig:InverseDFboot' on page 244 undefined on input lin
e 13056.

File: LossDataAnalytics_files/figure-latex/InverseDFboot-1.pdf Graphic file (ty
pe QTm)
<use  "LossDataAnalytics_files/figure-latex/InverseDFboot-1.pdf" >

LaTeX Warning: Reference `fig:InverseDFboot2' on page 244 undefined on input li
ne 13069.

File: LossDataAnalytics_files/figure-latex/InverseDFboot2-1.pdf Graphic file (t
ype QTm)
<use  "LossDataAnalytics_files/figure-latex/InverseDFboot2-1.pdf" > [244] [245]

LaTeX Font Warning: Command \small invalid in math mode on input line 13146.


Overfull \hbox (36.11136pt too wide) detected at line 13161
[]
 []

[246] [247]
Overfull \hbox (131.3901pt too wide) in paragraph at lines 13236--13253
[][] 
 []

[248]
File: LossDataAnalytics_files/figure-latex/BootstrapDistn-1.pdf Graphic file (t
ype QTm)
<use  "LossDataAnalytics_files/figure-latex/BootstrapDistn-1.pdf" >
Overfull \hbox (59.25pt too wide) in paragraph at lines 13345--13345
[]\TU/lmtt/m/n/10 boot(data = sample_x, statistic = function(y, indices) exp(me
an(y[indices])),[] 
 []

[249]

LaTeX Warning: Reference `fig:BootstrapCompare' on page 250 undefined on input 
line 13375.

File: LossDataAnalytics_files/figure-latex/BootstrapCompare-1.pdf Graphic file 
(type QTm)
<use  "LossDataAnalytics_files/figure-latex/BootstrapCompare-1.pdf" >
Underfull \vbox (badness 10000) has occurred while \output is active []

[250]

LaTeX Warning: Reference `eq:basicBootCI' on page 251 undefined on input line 1
3441.

[251] [252]
Overfull \hbox (586.70023pt too wide) in paragraph at lines 13519--13534
[][] 
 []


Underfull \vbox (badness 4229) has occurred while \output is active []

[253]
Overfull \hbox (586.70023pt too wide) in paragraph at lines 13597--13612
[][] 
 []


Underfull \vbox (badness 10000) has occurred while \output is active []

[254]

LaTeX Warning: Reference `fig:CoefVarCompare' on page 255 undefined on input li
ne 13667.

File: LossDataAnalytics_files/figure-latex/CoefVarCompare-1.pdf Graphic file (t
ype QTm)
<use  "LossDataAnalytics_files/figure-latex/CoefVarCompare-1.pdf" > [255] [256]

Overfull \hbox (144.38013pt too wide) in paragraph at lines 13759--13774
[][] 
 []

[257]

LaTeX Warning: Reference `S:SimulationFundamentals' on page 258 undefined on in
put line 13816.


LaTeX Warning: Reference `S:Bootstrap' on page 258 undefined on input line 1382
1.

[258]

LaTeX Warning: Reference `fig:KScvFig' on page 259 undefined on input line 1387
5.


LaTeX Warning: Reference `fig:KScvFig' on page 259 undefined on input line 1387
7.

[259]
File: LossDataAnalytics_files/figure-latex/KScvFig-1.pdf Graphic file (type QTm
)
<use  "LossDataAnalytics_files/figure-latex/KScvFig-1.pdf" >
Underfull \vbox (badness 1354) has occurred while \output is active []

[260]
Overfull \hbox (253.5pt too wide) in paragraph at lines 13962--13962
[]\TU/lmtt/m/n/10 sample_x <- c(2.46,2.80,3.28,3.86,2.85,3.67,3.37,3.40,5.22,2.
55,2.79,4.50,3.37,2.88,1.44,2.56,2.00,2.07,2.19,1.77)[] 
 []

[261]
Overfull \hbox (291.79013pt too wide) in paragraph at lines 14012--14029
[][] 
 []


LaTeX Warning: Reference `eq:Biasjack' on page 262 undefined on input line 1404
1.


LaTeX Warning: Reference `eq:sdjack' on page 262 undefined on input line 14041.


[262]
Overfull \hbox (69.75pt too wide) in paragraph at lines 14079--14079
[]\TU/lmtt/m/n/10 FALSE  [1] 47 47 21 43 38  3 36 29 50 10  1 32 49 10 45 48 16
 32 21 18 21 40  9[] 
 []


Overfull \hbox (69.75pt too wide) in paragraph at lines 14079--14079
[]\TU/lmtt/m/n/10 FALSE [24] 36 32 33 18 29 12 40 22  9 10 43  6 40 34 19  2 39
  4 23 43  7 27 24[] 
 []

[263]
! Undefined control sequence.
l.14153 \animategraphics
                        [,controls,loop]{1}{LossDataAnalytics_files/figure-l...
 
Here is how much of TeX's memory you used:
 22473 strings out of 427899
 409408 string characters out of 3153117
 532699 words of memory out of 3000000
 26052 multiletter control sequences out of 15000+200000
 584470 words of font info for 103 fonts, out of 3000000 for 9000
 1328 hyphenation exceptions out of 8191
 41i,16n,54p,10417b,458s stack positions out of 5000i,500n,10000p,200000b,50000s
Output written on LossDataAnalytics.pdf (263 pages).
